#
# A fatal error has been detected by the Java Runtime Environment:
#
#  SIGSEGV (0xb) at pc=0x00007fb45a003990, pid=7912, tid=0x00007fb40e4a0700
#
# JRE version: Java(TM) SE Runtime Environment (8.0_144-b01) (build 1.8.0_144-b01)
# Java VM: Java HotSpot(TM) 64-Bit Server VM (25.144-b01 mixed mode linux-amd64 compressed oops)
# Problematic frame:
# V  [libjvm.so+0xf69990]
#
# Failed to write core dump. Core dumps have been disabled. To enable core dumping, try "ulimit -c unlimited" before starting Java again
#
# If you would like to submit a bug report, please visit:
#   http://bugreport.java.com/bugreport/crash.jsp
#

---------------  T H R E A D  ---------------

Current thread (0x00007fb4540ec000):  JavaThread "C2 CompilerThread1" daemon [_thread_in_native, id=7942, stack(0x00007fb40e3a0000,0x00007fb40e4a1000)]

siginfo: si_signo: 11 (SIGSEGV), si_code: 2 (SEGV_ACCERR), si_addr: 0x00007fb45a003990

Registers:
RAX=0x00007fb3e81867d0, RBX=0x0000000000000014, RCX=0x00007fb40e49ef00, RDX=0x00007fb3ec24d910
RSP=0x00007fb40e49c898, RBP=0x00007fb40e49c920, RSI=0x00007fb3ec24dbe0, RDI=0x00007fb4551d1f98
R8 =0x0000000000000c8a, R9 =0x00007fb3ec24dbe0, R10=0x0000000000000001, R11=0x00007fb45a1ff150
R12=0x00007fb4551d1f98, R13=0x00007fb3e00318f0, R14=0x00007fb3ec24d848, R15=0x0000000000000006
RIP=0x00007fb45a003990, EFLAGS=0x0000000000010283, CSGSFS=0x0000000000000033, ERR=0x0000000000000015
  TRAPNO=0x000000000000000e

Top of Stack: (sp=0x00007fb40e49c898)
0x00007fb40e49c898:   00007fb45991ab4f 0000000000000020
0x00007fb40e49c8a8:   00007fb45402ccc0 00007fb40e49c8d0
0x00007fb40e49c8b8:   00007fb40e49ca40 00007fb40e49d3f8
0x00007fb40e49c8c8:   00007fb40e49ca60 00007fb3ec1779d0
0x00007fb40e49c8d8:   00007fb3ec1ab7a0 00007fb3ec1774e0
0x00007fb40e49c8e8:   00007fb45402ccc0 0000000000000078
0x00007fb40e49c8f8:   00007fb40e49ca40 0000000000000d0b
0x00007fb40e49c908:   00000000000000b8 0000000000000078
0x00007fb40e49c918:   000000000000000c 00007fb40e49ca30
0x00007fb40e49c928:   00007fb45991db0c 00007fb40e49c970
0x00007fb40e49c938:   00007fb45a044ae0 0000000000007fe8
0x00007fb40e49c948:   00007fb40e49ca40 00007fb3e009a490
0x00007fb40e49c958:   00007fb3e0023210 00007fb40e49f0c8
0x00007fb40e49c968:   000000085937c4ab 00007fb40e49c900
0x00007fb40e49c978:   0000000000000000 0000000000000000
0x00007fb40e49c988:   0000000000000001 00007fb40e49ca80
0x00007fb40e49c998:   0000000000000008 0000000000100000
0x00007fb40e49c9a8:   0000000000000000 0000000000000000
0x00007fb40e49c9b8:   0000000000000000 0000000000000000
0x00007fb40e49c9c8:   00007fb45937d3c6 0000000000000000
0x00007fb40e49c9d8:   0000000000000000 0000000000000000
0x00007fb40e49c9e8:   0000000000000400 0000000000000000
0x00007fb40e49c9f8:   00007fb40e49d6d0 00007fb40e49ca30
0x00007fb40e49ca08:   00007fb40e49ef00 00007fb40e49d6d0
0x00007fb40e49ca18:   00007fb40e49ca40 00007fb40e49ed80
0x00007fb40e49ca28:   00007fb45a0292c0 00007fb40e49e260
0x00007fb40e49ca38:   00007fb45953fb5a 00007fb45a002c70
0x00007fb40e49ca48:   0000000000000006 00007fb40e49ef00
0x00007fb40e49ca58:   00007fb45402ccc0 00007fb45402ccc0
0x00007fb40e49ca68:   0000000000002000 00007fb3ec0dcef0
0x00007fb40e49ca78:   0000000000000000 00007fb45402ccc0
0x00007fb40e49ca88:   0000000000002000 00007fb3ec084e80 

Instructions: (pc=0x00007fb45a003990)
0x00007fb45a003970:   60 78 92 59 b4 7f 00 00 00 00 00 00 00 00 00 00
0x00007fb45a003980:   00 00 00 00 00 00 00 00 00 00 00 00 00 00 00 00
0x00007fb45a003990:   b0 c1 50 59 b4 7f 00 00 90 00 99 59 b4 7f 00 00
0x00007fb45a0039a0:   00 4b 31 59 b4 7f 00 00 10 4b 31 59 b4 7f 00 00 

Register to memory mapping:

RAX=0x00007fb3e81867d0 is an unknown value
RBX=0x0000000000000014 is an unknown value
RCX=0x00007fb40e49ef00 is pointing into the stack for thread: 0x00007fb4540ec000
RDX=0x00007fb3ec24d910 is an unknown value
RSP=0x00007fb40e49c898 is pointing into the stack for thread: 0x00007fb4540ec000
RBP=0x00007fb40e49c920 is pointing into the stack for thread: 0x00007fb4540ec000
RSI=0x00007fb3ec24dbe0 is an unknown value
RDI=0x00007fb4551d1f98 is an unknown value
R8 =0x0000000000000c8a is an unknown value
R9 =0x00007fb3ec24dbe0 is an unknown value
R10=0x0000000000000001 is an unknown value
R11=0x00007fb45a1ff150: <offset 0x16e150> in /lib/x86_64-linux-gnu/libc.so.6 at 0x00007fb45a091000
R12=0x00007fb4551d1f98 is an unknown value
R13=0x00007fb3e00318f0 is an unknown value
R14=0x00007fb3ec24d848 is an unknown value
R15=0x0000000000000006 is an unknown value


Stack: [0x00007fb40e3a0000,0x00007fb40e4a1000],  sp=0x00007fb40e49c898,  free space=1010k
Native frames: (J=compiled Java code, j=interpreted, Vv=VM code, C=native code)
V  [libjvm.so+0xf69990]
V  [libjvm.so+0x883b0c]
V  [libjvm.so+0x4a5b5a]
V  [libjvm.so+0x4a85a1]
V  [libjvm.so+0x3f4e45]
V  [libjvm.so+0x4b2afa]
V  [libjvm.so+0x4b3aa6]
V  [libjvm.so+0xa79753]
V  [libjvm.so+0xa7989c]
V  [libjvm.so+0x92a338]
C  [libpthread.so.0+0x8064]  start_thread+0xc4


Current CompileTask:
C2:    363  581  s    4       sun.misc.URLClassPath::getNextLoader (88 bytes)


---------------  P R O C E S S  ---------------

Java Threads: ( => current thread )
  0x00007fb4540fb800 JavaThread "Service Thread" daemon [_thread_blocked, id=7945, stack(0x00007fb40e09d000,0x00007fb40e19e000)]
  0x00007fb4540f0000 JavaThread "C1 CompilerThread3" daemon [_thread_in_native, id=7944, stack(0x00007fb40e19e000,0x00007fb40e29f000)]
  0x00007fb4540ed800 JavaThread "C2 CompilerThread2" daemon [_thread_in_native, id=7943, stack(0x00007fb40e29f000,0x00007fb40e3a0000)]
=>0x00007fb4540ec000 JavaThread "C2 CompilerThread1" daemon [_thread_in_native, id=7942, stack(0x00007fb40e3a0000,0x00007fb40e4a1000)]
  0x00007fb4540e9000 JavaThread "C2 CompilerThread0" daemon [_thread_in_native, id=7941, stack(0x00007fb40e4a1000,0x00007fb40e5a2000)]
  0x00007fb3fc001000 JavaThread "JDWP Command Reader" daemon [_thread_in_native, id=7938, stack(0x00007fb40e5a2000,0x00007fb40e6a3000)]
  0x00007fb4540e7000 JavaThread "JDWP Event Helper Thread" daemon [_thread_blocked, id=7935, stack(0x00007fb40e6a3000,0x00007fb40e7a4000)]
  0x00007fb4540e3000 JavaThread "JDWP Transport Listener: dt_socket" daemon [_thread_blocked, id=7934, stack(0x00007fb40e7a4000,0x00007fb40e8a5000)]
  0x00007fb4540cf800 JavaThread "Signal Dispatcher" daemon [_thread_blocked, id=7932, stack(0x00007fb40eaa9000,0x00007fb40ebaa000)]
  0x00007fb45409d000 JavaThread "Finalizer" daemon [_thread_blocked, id=7930, stack(0x00007fb40ebaa000,0x00007fb40ecab000)]
  0x00007fb454098800 JavaThread "Reference Handler" daemon [_thread_blocked, id=7929, stack(0x00007fb40ecab000,0x00007fb40edac000)]
  0x00007fb45401a800 JavaThread "main" [_thread_in_Java, id=7918, stack(0x00007fb45ab6f000,0x00007fb45ac70000)]

Other Threads:
  0x00007fb454091000 VMThread [stack: 0x00007fb40edac000,0x00007fb40eead000] [id=7928]
  0x00007fb454100800 WatcherThread [stack: 0x00007fb40df9c000,0x00007fb40e09d000] [id=7946]

VM state:not at safepoint (normal execution)

VM Mutex/Monitor currently owned by a thread: None

Heap:
 PSYoungGen      total 150528K, used 29206K [0x0000000718600000, 0x0000000722e00000, 0x00000007c0000000)
  eden space 129024K, 22% used [0x0000000718600000,0x000000071a285888,0x0000000720400000)
  from space 21504K, 0% used [0x0000000721900000,0x0000000721900000,0x0000000722e00000)
  to   space 21504K, 0% used [0x0000000720400000,0x0000000720400000,0x0000000721900000)
 ParOldGen       total 344064K, used 0K [0x00000005c9200000, 0x00000005de200000, 0x0000000718600000)
  object space 344064K, 0% used [0x00000005c9200000,0x00000005c9200000,0x00000005de200000)
 Metaspace       used 7246K, capacity 7366K, committed 7552K, reserved 1056768K
  class space    used 746K, capacity 818K, committed 896K, reserved 1048576K

Card table byte_map: [0x00007fb443236000,0x00007fb4441ee000] byte_map_base: 0x00007fb4403ed000

Marking Bits: (ParMarkBitMap*) 0x00007fb45a063dc0
 Begin Bits: [0x00007fb414490000, 0x00007fb41c248000)
 End Bits:   [0x00007fb41c248000, 0x00007fb424000000)

Polling page: 0x00007fb45ac8c000

CodeCache: size=245760Kb used=2677Kb max_used=2677Kb free=243082Kb
 bounds [0x00007fb4445ae000, 0x00007fb44484e000, 0x00007fb4535ae000]
 total_blobs=916 nmethods=598 adapters=240
 compilation: enabled

Compilation events (10 events):
Event: 0.356 Thread 0x00007fb4540f0000 nmethod 600 0x00007fb4448463d0 code [0x00007fb4448465a0, 0x00007fb444846d78]
Event: 0.356 Thread 0x00007fb4540f0000  601       3       java.util.HashMap::afterNodeAccess (1 bytes)
Event: 0.356 Thread 0x00007fb4540f0000 nmethod 601 0x00007fb4448460d0 code [0x00007fb444846220, 0x00007fb444846370]
Event: 0.360 Thread 0x00007fb4540f0000  602       3       java.io.BufferedReader::ensureOpen (18 bytes)
Event: 0.360 Thread 0x00007fb4540f0000 nmethod 602 0x00007fb444845c10 code [0x00007fb444845da0, 0x00007fb444846008]
Event: 0.360 Thread 0x00007fb4540f0000  603       3       java.io.StreamTokenizer::read (38 bytes)
Event: 0.360 Thread 0x00007fb4540f0000 nmethod 603 0x00007fb444845490 code [0x00007fb444845640, 0x00007fb444845a68]
Event: 0.360 Thread 0x00007fb4540f0000  604   !   3       java.io.BufferedReader::read (104 bytes)
Event: 0.361 Thread 0x00007fb4540f0000 nmethod 604 0x00007fb44484b610 code [0x00007fb44484b7e0, 0x00007fb44484beb8]
Event: 0.361 Thread 0x00007fb4540f0000  605       3       java.io.StreamTokenizer::nextToken (1268 bytes)

GC Heap History (0 events):
No events

Deoptimization events (3 events):
Event: 0.137 Thread 0x00007fb45401a800 Uncommon trap: reason=unstable_if action=reinterpret pc=0x00007fb4446c0658 method=java.lang.String.indexOf(II)I @ 49
Event: 0.159 Thread 0x00007fb45401a800 Uncommon trap: reason=unstable_if action=reinterpret pc=0x00007fb4446ec034 method=java.lang.String.indexOf([CII[CIII)I @ 134
Event: 0.304 Thread 0x00007fb45401a800 Uncommon trap: reason=class_check action=maybe_recompile pc=0x00007fb444760938 method=java.lang.String.equals(Ljava/lang/Object;)Z @ 8

Internal exceptions (10 events):
Event: 0.209 Thread 0x00007fb45401a800 Exception <a 'java/security/PrivilegedActionException'> (0x000000071903c140) thrown at [/HUDSON3/workspace/8-2-build-linux-amd64/jdk8u144/9417/hotspot/src/share/vm/prims/jvm.cpp, line 1390]
Event: 0.209 Thread 0x00007fb45401a800 Exception <a 'java/security/PrivilegedActionException'> (0x00000007190440c8) thrown at [/HUDSON3/workspace/8-2-build-linux-amd64/jdk8u144/9417/hotspot/src/share/vm/prims/jvm.cpp, line 1390]
Event: 0.209 Thread 0x00007fb45401a800 Exception <a 'java/security/PrivilegedActionException'> (0x00000007190442d8) thrown at [/HUDSON3/workspace/8-2-build-linux-amd64/jdk8u144/9417/hotspot/src/share/vm/prims/jvm.cpp, line 1390]
Event: 0.272 Thread 0x00007fb45401a800 Exception <a 'java/lang/NoSuchFieldError': method resolution failed> (0x0000000719536db8) thrown at [/HUDSON3/workspace/8-2-build-linux-amd64/jdk8u144/9417/hotspot/src/share/vm/prims/methodHandles.cpp, line 1146]
Event: 0.275 Thread 0x00007fb45401a800 Exception <a 'java/lang/NoSuchFieldError': method resolution failed> (0x00000007195440d8) thrown at [/HUDSON3/workspace/8-2-build-linux-amd64/jdk8u144/9417/hotspot/src/share/vm/prims/methodHandles.cpp, line 1146]
Event: 0.296 Thread 0x00007fb45401a800 Exception <a 'java/security/PrivilegedActionException'> (0x000000071966b8a0) thrown at [/HUDSON3/workspace/8-2-build-linux-amd64/jdk8u144/9417/hotspot/src/share/vm/prims/jvm.cpp, line 1390]
Event: 0.296 Thread 0x00007fb45401a800 Exception <a 'java/security/PrivilegedActionException'> (0x000000071966bab0) thrown at [/HUDSON3/workspace/8-2-build-linux-amd64/jdk8u144/9417/hotspot/src/share/vm/prims/jvm.cpp, line 1390]
Event: 0.296 Thread 0x00007fb45401a800 Exception <a 'java/security/PrivilegedActionException'> (0x000000071966e100) thrown at [/HUDSON3/workspace/8-2-build-linux-amd64/jdk8u144/9417/hotspot/src/share/vm/prims/jvm.cpp, line 1390]
Event: 0.296 Thread 0x00007fb45401a800 Exception <a 'java/security/PrivilegedActionException'> (0x000000071966e310) thrown at [/HUDSON3/workspace/8-2-build-linux-amd64/jdk8u144/9417/hotspot/src/share/vm/prims/jvm.cpp, line 1390]
Event: 0.361 Thread 0x00007fb45401a800 Exception <a 'java/io/FileNotFoundException'> (0x0000000719ff10f0) thrown at [/HUDSON3/workspace/8-2-build-linux-amd64/jdk8u144/9417/hotspot/src/share/vm/prims/jni.cpp, line 709]

Events (10 events):
Event: 0.361 loading class sun/security/provider/PolicyFile$5
Event: 0.361 loading class sun/security/provider/PolicyFile$5 done
Event: 0.362 loading class sun/security/provider/PolicyFile$7
Event: 0.362 loading class sun/security/provider/PolicyFile$7 done
Event: 0.362 loading class sun/security/provider/PolicyFile$SelfPermission
Event: 0.362 loading class sun/security/provider/PolicyFile$SelfPermission done
Event: 0.362 loading class java/net/SocketPermissionCollection
Event: 0.362 loading class java/net/SocketPermissionCollection done
Event: 0.362 loading class java/util/PropertyPermissionCollection
Event: 0.362 loading class java/util/PropertyPermissionCollection done


Dynamic libraries:
00400000-00401000 r-xp 00000000 08:05 801034                             /usr/lib/jvm/java-8-oracle/bin/java
00600000-00601000 rw-p 00000000 08:05 801034                             /usr/lib/jvm/java-8-oracle/bin/java
010a1000-010c2000 rw-p 00000000 00:00 0                                  [heap]
5c9200000-5de200000 rw-p 00000000 00:00 0 
5de200000-718600000 ---p 00000000 00:00 0 
718600000-722e00000 rw-p 00000000 00:00 0 
722e00000-7c0000000 ---p 00000000 00:00 0 
7c0000000-7c00e0000 rw-p 00000000 00:00 0 
7c00e0000-800000000 ---p 00000000 00:00 0 
7fb3d8000000-7fb3d8021000 rw-p 00000000 00:00 0 
7fb3d8021000-7fb3dc000000 ---p 00000000 00:00 0 
7fb3dc000000-7fb3dc021000 rw-p 00000000 00:00 0 
7fb3dc021000-7fb3e0000000 ---p 00000000 00:00 0 
7fb3e0000000-7fb3e032c000 rw-p 00000000 00:00 0 
7fb3e032c000-7fb3e4000000 ---p 00000000 00:00 0 
7fb3e4000000-7fb3e4300000 rw-p 00000000 00:00 0 
7fb3e4300000-7fb3e8000000 ---p 00000000 00:00 0 
7fb3e8000000-7fb3e8374000 rw-p 00000000 00:00 0 
7fb3e8374000-7fb3ec000000 ---p 00000000 00:00 0 
7fb3ec000000-7fb3ec4da000 rw-p 00000000 00:00 0 
7fb3ec4da000-7fb3f0000000 ---p 00000000 00:00 0 
7fb3f0000000-7fb3f0021000 rw-p 00000000 00:00 0 
7fb3f0021000-7fb3f4000000 ---p 00000000 00:00 0 
7fb3f4000000-7fb3f4021000 rw-p 00000000 00:00 0 
7fb3f4021000-7fb3f8000000 ---p 00000000 00:00 0 
7fb3f8000000-7fb3f8021000 rw-p 00000000 00:00 0 
7fb3f8021000-7fb3fc000000 ---p 00000000 00:00 0 
7fb3fc000000-7fb3fc021000 rw-p 00000000 00:00 0 
7fb3fc021000-7fb400000000 ---p 00000000 00:00 0 
7fb400000000-7fb400021000 rw-p 00000000 00:00 0 
7fb400021000-7fb404000000 ---p 00000000 00:00 0 
7fb404000000-7fb404021000 rw-p 00000000 00:00 0 
7fb404021000-7fb408000000 ---p 00000000 00:00 0 
7fb408000000-7fb408021000 rw-p 00000000 00:00 0 
7fb408021000-7fb40c000000 ---p 00000000 00:00 0 
7fb40d2a6000-7fb40d2a8000 rw-p 00000000 00:00 0 
7fb40d2a8000-7fb40d2a9000 r--s 00000000 08:05 1192587                    /root/.m2/repository/org/spark-project/spark/unused/1.0.0/unused-1.0.0.jar
7fb40d2a9000-7fb40d2ab000 r--s 0001f000 08:05 171701                     /root/.m2/repository/org/apache/commons/commons-crypto/1.0.0/commons-crypto-1.0.0.jar
7fb40d2ab000-7fb40d2ac000 r--s 00003000 08:05 171699                     /root/.m2/repository/org/apache/spark/spark-tags_2.11/2.2.0/spark-tags_2.11-2.2.0.jar
7fb40d2ac000-7fb40d2af000 r--s 0001a000 08:05 938611                     /root/.m2/repository/net/sf/py4j/py4j/0.10.4/py4j-0.10.4.jar
7fb40d2af000-7fb40d2b2000 r--s 00015000 08:05 171697                     /root/.m2/repository/net/razorvine/pyrolite/4.13/pyrolite-4.13.jar
7fb40d2b2000-7fb40d2b4000 r--s 0000e000 08:05 1351301                    /root/.m2/repository/oro/oro/2.0.8/oro-2.0.8.jar
7fb40d2b4000-7fb40d2ca000 r--s 00124000 08:05 1351299                    /root/.m2/repository/org/apache/ivy/ivy/2.4.0/ivy-2.4.0.jar
7fb40d2ca000-7fb40d2cc000 r--s 00009000 08:05 16440                      /root/.m2/repository/com/fasterxml/jackson/module/jackson-module-paranamer/2.6.5/jackson-module-paranamer-2.6.5.jar
7fb40d2cc000-7fb40d318000 r--s 00412000 08:05 411084                     /root/.m2/repository/org/scala-lang/scala-reflect/2.11.7/scala-reflect-2.11.7.jar
7fb40d318000-7fb40d325000 r--s 00071000 08:05 2499343                    /root/.m2/repository/com/fasterxml/jackson/module/jackson-module-scala_2.11/2.6.5/jackson-module-scala_2.11-2.6.5.jar
7fb40d325000-7fb40d329000 r--s 0003c000 08:05 2378222                    /root/.m2/repository/com/fasterxml/jackson/core/jackson-core/2.6.5/jackson-core-2.6.5.jar
7fb40d329000-7fb40d33a000 r--s 0010d000 08:05 411082                     /root/.m2/repository/com/fasterxml/jackson/core/jackson-databind/2.6.5/jackson-databind-2.6.5.jar
7fb40d33a000-7fb40d33c000 r--s 00004000 08:05 1351297                    /root/.m2/repository/io/dropwizard/metrics/metrics-graphite/3.1.2/metrics-graphite-3.1.2.jar
7fb40d33c000-7fb40d33d000 r--s 00003000 08:05 1351295                    /root/.m2/repository/io/dropwizard/metrics/metrics-json/3.1.2/metrics-json-3.1.2.jar
7fb40d33d000-7fb40d33f000 r--s 00008000 08:05 1351293                    /root/.m2/repository/io/dropwizard/metrics/metrics-jvm/3.1.2/metrics-jvm-3.1.2.jar
7fb40d33f000-7fb40d343000 r--s 00018000 08:05 1192585                    /root/.m2/repository/io/dropwizard/metrics/metrics-core/3.1.2/metrics-core-3.1.2.jar
7fb40d343000-7fb40d346000 r--s 00028000 08:05 1351291                    /root/.m2/repository/com/clearspring/analytics/stream/2.7.0/stream-2.7.0.jar
7fb40d346000-7fb40d35f000 r--s 0012c000 08:05 1351289                    /root/.m2/repository/io/netty/netty/3.9.9.Final/netty-3.9.9.Final.jar
7fb40d35f000-7fb40d385000 r--s 00212000 08:05 2499341                    /root/.m2/repository/io/netty/netty-all/4.0.43.Final/netty-all-4.0.43.Final.jar
7fb40d385000-7fb40d388000 r--s 0000e000 08:05 1351287                    /root/.m2/repository/org/glassfish/jersey/containers/jersey-container-servlet-core/2.22.2/jersey-container-servlet-core-2.22.2.jar
7fb40d388000-7fb40d38a000 r--s 00003000 08:05 1351285                    /root/.m2/repository/org/glassfish/jersey/containers/jersey-container-servlet/2.22.2/jersey-container-servlet-2.22.2.jar
7fb40d38a000-7fb40d38e000 r--s 0000c000 08:05 1351283                    /root/.m2/repository/javax/validation/validation-api/1.1.0.Final/validation-api-1.1.0.Final.jar
7fb40d38e000-7fb40d390000 r--s 00010000 08:05 1351281                    /root/.m2/repository/org/glassfish/jersey/media/jersey-media-jaxb/2.22.2/jersey-media-jaxb-2.22.2.jar
7fb40d390000-7fb40d3a6000 r--s 000d3000 08:05 1351279                    /root/.m2/repository/org/glassfish/jersey/core/jersey-server/2.22.2/jersey-server-2.22.2.jar
7fb40d3a6000-7fb40d3a7000 r--s 00004000 08:05 1351277                    /root/.m2/repository/org/glassfish/hk2/osgi-resource-locator/1.0.1/osgi-resource-locator-1.0.1.jar
7fb40d3a7000-7fb40d3bf000 r--s 000d6000 08:05 1192583                    /root/.m2/repository/org/glassfish/jersey/bundles/repackaged/jersey-guava/2.22.2/jersey-guava-2.22.2.jar
7fb40d3bf000-7fb40d3c1000 r--s 00005000 08:05 1192581                    /root/.m2/repository/javax/annotation/javax.annotation-api/1.2/javax.annotation-api-1.2.jar
7fb40d3c1000-7fb40d3cf000 r--s 0009d000 08:05 1192579                    /root/.m2/repository/org/glassfish/jersey/core/jersey-common/2.22.2/jersey-common-2.22.2.jar
7fb40d3cf000-7fb40d3d9000 r--s 000a5000 08:05 1192577                    /root/.m2/repository/org/javassist/javassist/3.18.1-GA/javassist-3.18.1-GA.jar
7fb40d3d9000-7fb40d3dd000 r--s 00029000 08:05 1192575                    /root/.m2/repository/org/glassfish/hk2/hk2-locator/2.4.0-b34/hk2-locator-2.4.0-b34.jar
7fb40d3dd000-7fb40d3de000 r--s 00001000 08:05 1192573                    /root/.m2/repository/org/glassfish/hk2/external/javax.inject/2.4.0-b34/javax.inject-2.4.0-b34.jar
7fb40d3de000-7fb40d3e0000 r--s 00002000 08:05 1192571                    /root/.m2/repository/org/glassfish/hk2/external/aopalliance-repackaged/2.4.0-b34/aopalliance-repackaged-2.4.0-b34.jar
7fb40d3e0000-7fb40d3e4000 r--s 0001a000 08:05 1192569                    /root/.m2/repository/org/glassfish/hk2/hk2-utils/2.4.0-b34/hk2-utils-2.4.0-b34.jar
7fb40d3e4000-7fb40d3e9000 r--s 00027000 08:05 1192567                    /root/.m2/repository/org/glassfish/hk2/hk2-api/2.4.0-b34/hk2-api-2.4.0-b34.jar
7fb40d3e9000-7fb40d3ed000 r--s 00019000 08:05 1192565                    /root/.m2/repository/javax/ws/rs/javax.ws.rs-api/2.0.1/javax.ws.rs-api-2.0.1.jar
7fb40d3ed000-7fb40d3f1000 r--s 00025000 08:05 1192563                    /root/.m2/repository/org/glassfish/jersey/core/jersey-client/2.22.2/jersey-client-2.22.2.jar
7fb40d3f1000-7fb40d3fc000 r--s 00096000 08:05 411080                     /root/.m2/repository/org/scala-lang/modules/scala-xml_2.11/1.0.1/scala-xml_2.11-1.0.1.jar
7fb40d3fc000-7fb40d4ec000 r--s 00c16000 08:05 171695                     /root/.m2/repository/org/scala-lang/scala-compiler/2.11.0/scala-compiler-2.11.0.jar
7fb40d4ec000-7fb40d4fe000 r--s 000ab000 08:05 171693                     /root/.m2/repository/org/scala-lang/scalap/2.11.0/scalap-2.11.0.jar
7fb40d4fe000-7fb40d501000 r--s 00012000 08:05 1192561                    /root/.m2/repository/org/json4s/json4s-ast_2.11/3.2.11/json4s-ast_2.11-3.2.11.jar
7fb40d501000-7fb40d50b000 r--s 00086000 08:05 1192559                    /root/.m2/repository/org/json4s/json4s-core_2.11/3.2.11/json4s-core_2.11-3.2.11.jar
7fb40d50b000-7fb40d50c000 r--s 00009000 08:05 1192557                    /root/.m2/repository/org/json4s/json4s-jackson_2.11/3.2.11/json4s-jackson_2.11-3.2.11.jar
7fb40d50c000-7fb40d565000 r--s 00522000 08:05 2371335                    /root/.m2/repository/org/scala-lang/scala-library/2.11.8/scala-library-2.11.8.jar
7fb40d565000-7fb40d569000 r--s 00030000 08:05 171691                     /root/.m2/repository/commons-net/commons-net/2.2/commons-net-2.2.jar
7fb40d569000-7fb40d56b000 r--s 00038000 08:05 2499339                    /root/.m2/repository/net/jpountz/lz4/lz4/1.3.0/lz4-1.3.0.jar
7fb40d56b000-7fb40d56d000 r--s 00100000 08:05 411078                     /root/.m2/repository/org/xerial/snappy/snappy-java/1.1.2.6/snappy-java-1.1.2.6.jar
7fb40d56d000-7fb40d56f000 r--s 00012000 08:05 1192553                    /root/.m2/repository/com/ning/compress-lzf/1.0.3/compress-lzf-1.0.3.jar
7fb40d56f000-7fb40d578000 r--s 0006f000 08:05 411076                     /root/.m2/repository/log4j/log4j/1.2.17/log4j-1.2.17.jar
7fb40d578000-7fb40d57a000 r--s 00003000 08:05 2371333                    /root/.m2/repository/org/slf4j/jcl-over-slf4j/1.7.16/jcl-over-slf4j-1.7.16.jar
7fb40d57a000-7fb40d57c000 r--s 00000000 08:05 16436                      /root/.m2/repository/org/slf4j/jul-to-slf4j/1.7.16/jul-to-slf4j-1.7.16.jar
7fb40d57c000-7fb40d57f000 r--s 00006000 08:05 16434                      /root/.m2/repository/com/google/code/findbugs/jsr305/1.3.9/jsr305-1.3.9.jar
7fb40d57f000-7fb40d582000 r--s 00015000 08:05 2367682                    /root/.m2/repository/javax/servlet/javax.servlet-api/3.1.0/javax.servlet-api-3.1.0.jar
7fb40d582000-7fb40d58e000 r--s 000b6000 08:05 1192551                    /root/.m2/repository/org/apache/zookeeper/zookeeper/3.4.6/zookeeper-3.4.6.jar
7fb40d58e000-7fb40d594000 r--s 00028000 08:05 1192549                    /root/.m2/repository/org/apache/curator/curator-framework/2.6.0/curator-framework-2.6.0.jar
7fb40d594000-7fb40d59b000 r--s 00036000 08:05 1192547                    /root/.m2/repository/org/apache/curator/curator-recipes/2.6.0/curator-recipes-2.6.0.jar
7fb40d59b000-7fb40d59c000 r--s 00002000 08:05 1192545                    /root/.m2/repository/com/jamesmurty/utils/java-xmlbuilder/1.0/java-xmlbuilder-1.0.jar
7fb40d59c000-7fb40d5dc000 r--s 00277000 08:05 1192543                    /root/.m2/repository/org/bouncycastle/bcprov-jdk15on/1.51/bcprov-jdk15on-1.51.jar
7fb40d5dc000-7fb40d5e4000 r--s 00078000 08:05 1192541                    /root/.m2/repository/javax/mail/mail/1.4.7/mail-1.4.7.jar
7fb40d5e4000-7fb40d5eb000 r--s 0005d000 08:05 1192539                    /root/.m2/repository/mx4j/mx4j/3.0.2/mx4j-3.0.2.jar
7fb40d5eb000-7fb40d5ed000 r--s 0000f000 08:05 1192537                    /root/.m2/repository/javax/activation/activation/1.1.1/activation-1.1.1.jar
7fb40d5ed000-7fb40d5f9000 r--s 00085000 08:05 1192533                    /root/.m2/repository/org/apache/httpcomponents/httpclient/4.3.6/httpclient-4.3.6.jar
7fb40d5f9000-7fb40d600000 r--s 0003f000 08:05 1192531                    /root/.m2/repository/org/apache/httpcomponents/httpcore/4.3.3/httpcore-4.3.3.jar
7fb40d600000-7fb40d61b000 r--s 001d8000 08:05 1192529                    /root/.m2/repository/net/java/dev/jets3t/jets3t/0.9.3/jets3t-0.9.3.jar
7fb40d61b000-7fb40d61d000 r--s 0000a000 08:05 1192527                    /root/.m2/repository/org/apache/spark/spark-unsafe_2.11/2.2.0/spark-unsafe_2.11-2.2.0.jar
7fb40d61d000-7fb40d620000 r--s 0000d000 08:05 1192525                    /root/.m2/repository/org/apache/spark/spark-network-shuffle_2.11/2.2.0/spark-network-shuffle_2.11-2.2.0.jar
7fb40d620000-7fb40d623000 r--s 00009000 08:05 1192523                    /root/.m2/repository/com/fasterxml/jackson/core/jackson-annotations/2.6.5/jackson-annotations-2.6.5.jar
7fb40d623000-7fb40d626000 r--s 000fd000 08:05 1192521                    /root/.m2/repository/org/fusesource/leveldbjni/leveldbjni-all/1.8/leveldbjni-all-1.8.jar
7fb40d626000-7fb40d654000 r--s 00216000 08:05 171687                     /root/.m2/repository/org/apache/spark/spark-network-common_2.11/2.2.0/spark-network-common_2.11-2.2.0.jar
7fb40d654000-7fb40d656000 r--s 0000f000 08:05 171685                     /root/.m2/repository/org/apache/spark/spark-launcher_2.11/2.2.0/spark-launcher_2.11-2.2.0.jar
7fb40d656000-7fb40d657000 r--s 00009000 08:05 16428                      /root/.m2/repository/org/apache/hadoop/hadoop-annotations/2.6.5/hadoop-annotations-2.6.5.jar
7fb40d657000-7fb40d658000 r--s 0000e000 08:05 1192519                    /root/.m2/repository/org/apache/hadoop/hadoop-mapreduce-client-jobclient/2.6.5/hadoop-mapreduce-client-jobclient-2.6.5.jar
7fb40d658000-7fb40d659000 r--s 00006000 08:05 2499335                    /root/.m2/repository/org/codehaus/jackson/jackson-xc/1.9.13/jackson-xc-1.9.13.jar
7fb40d659000-7fb40d65a000 r--s 00004000 08:05 2371331                    /root/.m2/repository/org/codehaus/jackson/jackson-jaxrs/1.9.13/jackson-jaxrs-1.9.13.jar
7fb40d65a000-7fb40d65c000 r--s 00004000 08:05 1192517                    /root/.m2/repository/javax/xml/stream/stax-api/1.0-2/stax-api-1.0-2.jar
7fb40d65c000-7fb40d65f000 r--s 00017000 08:05 171683                     /root/.m2/repository/javax/xml/bind/jaxb-api/2.2.2/jaxb-api-2.2.2.jar
7fb40d65f000-7fb40d676000 r--s 00177000 08:05 1192515                    /root/.m2/repository/org/apache/hadoop/hadoop-yarn-common/2.6.5/hadoop-yarn-common-2.6.5.jar
7fb40d676000-7fb40d68f000 r--s 0015f000 08:05 1192513                    /root/.m2/repository/org/apache/hadoop/hadoop-mapreduce-client-core/2.6.5/hadoop-mapreduce-client-core-2.6.5.jar
7fb40d68f000-7fb40d6a9000 r--s 001b5000 08:05 1192511                    /root/.m2/repository/org/apache/hadoop/hadoop-yarn-api/2.6.5/hadoop-yarn-api-2.6.5.jar
7fb40d6a9000-7fb40d6ab000 r--s 0000f000 08:05 1192509                    /root/.m2/repository/org/apache/hadoop/hadoop-mapreduce-client-shuffle/2.6.5/hadoop-mapreduce-client-shuffle-2.6.5.jar
7fb40d6ab000-7fb40d6b1000 r--s 00049000 08:05 1192507                    /root/.m2/repository/org/apache/hadoop/hadoop-yarn-server-common/2.6.5/hadoop-yarn-server-common-2.6.5.jar
7fb40d6b1000-7fb40d6b4000 r--s 00023000 08:05 1192505                    /root/.m2/repository/org/apache/hadoop/hadoop-yarn-client/2.6.5/hadoop-yarn-client-2.6.5.jar
7fb40d6b4000-7fb40d6c0000 r--s 0009d000 08:05 1192503                    /root/.m2/repository/org/apache/hadoop/hadoop-mapreduce-client-common/2.6.5/hadoop-mapreduce-client-common-2.6.5.jar
7fb40d6c0000-7fb40d6ca000 r--s 00078000 08:05 1192501                    /root/.m2/repository/org/apache/hadoop/hadoop-mapreduce-client-app/2.6.5/hadoop-mapreduce-client-app-2.6.5.jar
7fb40d6ca000-7fb40d6d2000 r--s 00028000 08:05 1192499                    /root/.m2/repository/xml-apis/xml-apis/1.3.04/xml-apis-1.3.04.jar
7fb40d6d2000-7fb40d6ea000 r--s 00115000 08:05 1192497                    /root/.m2/repository/xerces/xercesImpl/2.9.1/xercesImpl-2.9.1.jar
7fb40d6ea000-7fb40d6ee000 r--s 00028000 08:05 1192495                    /root/.m2/repository/org/mortbay/jetty/jetty-util/6.1.26/jetty-util-6.1.26.jar
7fb40d6ee000-7fb40d755000 r--s 0072d000 08:05 1192493                    /root/.m2/repository/org/apache/hadoop/hadoop-hdfs/2.6.5/hadoop-hdfs-2.6.5.jar
7fb40d755000-7fb40d757000 r--s 00006000 08:05 1192491                    /root/.m2/repository/org/htrace/htrace-core/3.0.4/htrace-core-3.0.4.jar
7fb40d757000-7fb40d759000 r--s 0000f000 08:05 1192489                    /root/.m2/repository/org/apache/curator/curator-client/2.6.0/curator-client-2.6.0.jar
7fb40d759000-7fb40d75b000 r--s 00012000 08:05 1192487                    /root/.m2/repository/org/apache/directory/api/api-util/1.0.0-M20/api-util-1.0.0-M20.jar
7fb40d75b000-7fb40d75d000 r--s 00003000 08:05 1192485                    /root/.m2/repository/org/apache/directory/api/api-asn1-api/1.0.0-M20/api-asn1-api-1.0.0-M20.jar
7fb40d75d000-7fb40d75e000 r--s 0000a000 08:05 1192483                    /root/.m2/repository/org/apache/directory/server/apacheds-i18n/2.0.0-M15/apacheds-i18n-2.0.0-M15.jar
7fb40d75e000-7fb40d770000 r--s 00097000 08:05 1192481                    /root/.m2/repository/org/apache/directory/server/apacheds-kerberos-codec/2.0.0-M15/apacheds-kerberos-codec-2.0.0-M15.jar
7fb40d770000-7fb40d773000 r--s 00014000 08:05 411074                     /root/.m2/repository/org/apache/hadoop/hadoop-auth/2.6.5/hadoop-auth-2.6.5.jar
7fb40d773000-7fb40d77b000 r--s 0007b000 08:05 411072                     /root/.m2/repository/com/google/protobuf/protobuf-java/2.5.0/protobuf-java-2.5.0.jar
7fb40d77b000-7fb40d77f000 r--s 0002f000 08:05 411070                     /root/.m2/repository/commons-beanutils/commons-beanutils-core/1.8.0/commons-beanutils-core-1.8.0.jar
7fb40d77f000-7fb40d783000 r--s 00020000 08:05 411066                     /root/.m2/repository/commons-digester/commons-digester/1.8/commons-digester-1.8.jar
7fb40d783000-7fb40d789000 r--s 00043000 08:05 411064                     /root/.m2/repository/commons-configuration/commons-configuration/1.6/commons-configuration-1.6.jar
7fb40d789000-7fb40d78e000 r--s 00041000 08:05 2367675                    /root/.m2/repository/commons-lang/commons-lang/2.6/commons-lang-2.6.jar
7fb40d78e000-7fb40d794000 r--s 00045000 08:05 171679                     /root/.m2/repository/commons-httpclient/commons-httpclient/3.1/commons-httpclient-3.1.jar
7fb40d794000-7fb40d795000 r--s 00003000 08:05 171677                     /root/.m2/repository/xmlenc/xmlenc/0.52/xmlenc-0.52.jar
7fb40d795000-7fb40d797000 r--s 00009000 08:05 2371329                    /root/.m2/repository/commons-cli/commons-cli/1.2/commons-cli-1.2.jar
7fb40d797000-7fb40d7cd000 r--s 002fe000 08:05 16424                      /root/.m2/repository/org/apache/hadoop/hadoop-common/2.6.5/hadoop-common-2.6.5.jar
7fb40d7cd000-7fb40d7ce000 r--s 00006000 08:05 2499333                    /root/.m2/repository/org/apache/hadoop/hadoop-client/2.6.5/hadoop-client-2.6.5.jar
7fb40d7ce000-7fb40d7d1000 r--s 00021000 08:05 2499331                    /root/.m2/repository/org/apache/xbean/xbean-asm5-shaded/4.4/xbean-asm5-shaded-4.4.jar
7fb40d7d1000-7fb40d7d3000 r--s 0000b000 08:05 2371327                    /root/.m2/repository/com/twitter/chill-java/0.8.0/chill-java-0.8.0.jar
7fb40d7d3000-7fb40d7d5000 r--s 00009000 08:05 2371325                    /root/.m2/repository/org/objenesis/objenesis/2.1/objenesis-2.1.jar
7fb40d7d5000-7fb40d7d6000 r--s 00001000 08:05 2371323                    /root/.m2/repository/com/esotericsoftware/minlog/1.3.0/minlog-1.3.0.jar
7fb40d7d6000-7fb40d7dd000 r--s 00051000 08:05 2371321                    /root/.m2/repository/com/esotericsoftware/kryo-shaded/3.0.3/kryo-shaded-3.0.3.jar
7fb40d7dd000-7fb40d7e2000 r--s 00032000 08:05 2371319                    /root/.m2/repository/com/twitter/chill_2.11/0.8.0/chill_2.11-0.8.0.jar
7fb40d7e2000-7fb40d7e9000 r--s 0004e000 08:05 2371317                    /root/.m2/repository/org/apache/avro/avro-ipc/1.7.7/avro-ipc-1.7.7-tests.jar
7fb40d7e9000-7fb40d7ed000 r--s 0002c000 08:05 2371315                    /root/.m2/repository/org/apache/avro/avro-ipc/1.7.7/avro-ipc-1.7.7.jar
7fb40d7ed000-7fb40d7f2000 r--s 00028000 08:05 2371313                    /root/.m2/repository/org/apache/avro/avro-mapred/1.7.7/avro-mapred-1.7.7-hadoop2.jar
7fb40d7f2000-7fb40d7f4000 r--s 00006000 08:05 2371307                    /root/.m2/repository/com/thoughtworks/paranamer/paranamer/2.3/paranamer-2.3.jar
7fb40d7f4000-7fb40d802000 r--s 000b1000 08:05 2371305                    /root/.m2/repository/org/codehaus/jackson/jackson-mapper-asl/1.9.13/jackson-mapper-asl-1.9.13.jar
7fb40d802000-7fb40d806000 r--s 00035000 08:05 2371303                    /root/.m2/repository/org/codehaus/jackson/jackson-core-asl/1.9.13/jackson-core-asl-1.9.13.jar
7fb40d806000-7fb40d80f000 r--s 00062000 08:05 2371301                    /root/.m2/repository/org/apache/avro/avro/1.7.7/avro-1.7.7.jar
7fb40d80f000-7fb40d8f0000 r--s 00b03000 08:05 2371299                    /root/.m2/repository/org/apache/spark/spark-core_2.11/2.2.0/spark-core_2.11-2.2.0.jar
7fb40d8f0000-7fb40d8f2000 r--s 00009000 08:05 2371279                    /root/.m2/repository/org/slf4j/slf4j-api/1.7.24/slf4j-api-1.7.24.jar
7fb40d8f2000-7fb40d8f3000 r--s 00005000 08:05 2371277                    /root/.m2/repository/org/apache/logging/log4j/log4j-slf4j-impl/2.8.2/log4j-slf4j-impl-2.8.2.jar
7fb40d8f3000-7fb40d90f000 r--s 0013c000 08:05 2371273                    /root/.m2/repository/org/apache/logging/log4j/log4j-core/2.8.2/log4j-core-2.8.2.jar
7fb40d90f000-7fb40d914000 r--s 00033000 08:05 2371271                    /root/.m2/repository/org/apache/logging/log4j/log4j-api/2.8.2/log4j-api-2.8.2.jar
7fb40d914000-7fb40d918000 r--s 0000f000 08:05 1351856                    /root/.m2/repository/org/eclipse/xtend/org.eclipse.xtend.lib.macro/2.12.0/org.eclipse.xtend.lib.macro-2.12.0.jar
7fb40d918000-7fb40d944000 r--s 00207000 08:05 1351854                    /root/.m2/repository/com/google/guava/guava/19.0-rc3/guava-19.0-rc3.jar
7fb40d944000-7fb40d947000 r--s 0001a000 08:05 801265                     /usr/lib/jvm/java-8-oracle/jre/lib/jce.jar
7fb40d947000-7fb40d94c000 r--s 0009a000 08:05 801060                     /usr/lib/jvm/java-8-oracle/jre/lib/jsse.jar
7fb40d94c000-7fb40d950000 r--s 00021000 08:05 1351852                    /root/.m2/repository/org/eclipse/xtext/org.eclipse.xtext.xbase.lib/2.12.0/org.eclipse.xtext.xbase.lib-2.12.0.jar
7fb40d950000-7fb40d955000 r--s 00024000 08:05 1351850                    /root/.m2/repository/org/eclipse/xtend/org.eclipse.xtend.lib/2.12.0/org.eclipse.xtend.lib-2.12.0.jar
7fb40d955000-7fb40d965000 r--s 000f5000 08:05 2616746                    /root/.m2/repository/com/typesafe/akka/akka-cluster_2.11/2.3.13/akka-cluster_2.11-2.3.13.jar
7fb40d965000-7fb40d967000 r--s 00009000 08:05 2616744                    /root/.m2/repository/com/fasterxml/jackson/datatype/jackson-datatype-jsr310/2.4.4/jackson-datatype-jsr310-2.4.4.jar
7fb40d967000-7fb40d969000 r--s 00003000 08:05 2616742                    /root/.m2/repository/com/fasterxml/jackson/datatype/jackson-datatype-jdk8/2.4.4/jackson-datatype-jdk8-2.4.4.jar
7fb40d969000-7fb40d96b000 r--s 00001000 08:05 1316957                    /root/.m2/repository/org/iq80/leveldb/leveldb-api/0.5/leveldb-api-0.5.jar
7fb40d96b000-7fb40d96f000 r--s 00034000 08:05 1316955                    /root/.m2/repository/org/iq80/leveldb/leveldb/0.5/leveldb-0.5.jar
7fb40d96f000-7fb40d97d000 r--s 000be000 08:05 2616738                    /root/.m2/repository/com/typesafe/akka/akka-persistence-experimental_2.11/2.3.13/akka-persistence-experimental_2.11-2.3.13.jar
7fb40d97d000-7fb40d97f000 r--s 0000a000 08:05 1316953                    /root/.m2/repository/org/uncommons/maths/uncommons-maths/1.2.2a/uncommons-maths-1.2.2a.jar
7fb40d97f000-7fb40d995000 r--s 00133000 08:05 2616736                    /root/.m2/repository/com/typesafe/akka/akka-remote_2.11/2.3.13/akka-remote_2.11-2.3.13.jar
7fb40d995000-7fb40d9a4000 r--s 000bd000 08:05 2616734                    /root/.m2/repository/com/typesafe/akka/akka-contrib_2.11/2.3.13/akka-contrib_2.11-2.3.13.jar
7fb40d9a4000-7fb40d9a5000 r--s 00001000 08:05 2616732                    /root/.m2/repository/com/typesafe/netty/netty-http-pipelining/1.1.4/netty-http-pipelining-1.1.4.jar
7fb40d9a5000-7fb40d9ab000 r--s 0003a000 08:05 2616730                    /root/.m2/repository/com/typesafe/play/play-server_2.11/2.4.6/play-server_2.11-2.4.6.jar
7fb40d9ab000-7fb40d9b1000 r--s 0002f000 08:05 2616728                    /root/.m2/repository/com/typesafe/play/play-netty-server_2.11/2.4.6/play-netty-server_2.11-2.4.6.jar
7fb40d9b1000-7fb40d9b5000 r--s 00038000 08:05 2616726                    /root/.m2/repository/org/apache/tomcat/tomcat-servlet-api/8.0.21/tomcat-servlet-api-8.0.21.jar
7fb40d9b5000-7fb40d9b6000 r--s 00003000 08:05 2616724                    /root/.m2/repository/net/jodah/typetools/0.4.3/typetools-0.4.3.jar
7fb40d9b6000-7fb40d9c3000 r--s 000a0000 08:05 2616722                    /root/.m2/repository/org/springframework/spring-beans/4.1.6.RELEASE/spring-beans-4.1.6.RELEASE.jar
7fb40d9c3000-7fb40d9d8000 r--s 000e2000 08:05 2616720                    /root/.m2/repository/org/springframework/spring-core/4.1.6.RELEASE/spring-core-4.1.6.RELEASE.jar
7fb40d9d8000-7fb40d9f0000 r--s 000e3000 08:05 2616718                    /root/.m2/repository/org/springframework/spring-context/4.1.6.RELEASE/spring-context-4.1.6.RELEASE.jar
7fb40d9f0000-7fb40d9f2000 r--s 0000f000 08:05 1585146                    /root/.m2/repository/org/jboss/logging/jboss-logging/3.2.1.Final/jboss-logging-3.2.1.Final.jar
7fb40d9f2000-7fb40d9f4000 r--s 0000d000 08:05 2616716                    /root/.m2/repository/com/fasterxml/classmate/1.0.0/classmate-1.0.0.jar
7fb40d9f4000-7fb40da01000 r--s 00080000 08:05 2616714                    /root/.m2/repository/org/hibernate/hibernate-validator/5.0.3.Final/hibernate-validator-5.0.3.Final.jar
7fb40da01000-7fb40da06000 r--s 00015000 08:05 404505                     /root/.m2/repository/org/scala-lang/modules/scala-java8-compat_2.11/0.3.0/scala-java8-compat_2.11-0.3.0.jar
7fb40da06000-7fb40da08000 r--s 00009000 08:05 404503                     /root/.m2/repository/com/google/inject/extensions/guice-assistedinject/4.0/guice-assistedinject-4.0.jar
7fb40da08000-7fb40da0a000 r--s 00000000 08:05 1192647                    /root/.m2/repository/aopalliance/aopalliance/1.0/aopalliance-1.0.jar
7fb40da0a000-7fb40da0b000 r--s 00000000 08:05 1192644                    /root/.m2/repository/javax/inject/javax.inject/1/javax.inject-1.jar
7fb40da0b000-7fb40da19000 r--s 00096000 08:05 404501                     /root/.m2/repository/com/google/inject/guice/4.0/guice-4.0.jar
7fb40da19000-7fb40da1a000 r--s 00003000 08:05 2616712                    /root/.m2/repository/javax/transaction/jta/1.1/jta-1.1.jar
7fb40da1a000-7fb40da1e000 r--s 00016000 08:05 1316951                    /root/.m2/repository/org/joda/joda-convert/1.7/joda-convert-1.7.jar
7fb40da1e000-7fb40da27000 r--s 00091000 08:05 1316949                    /root/.m2/repository/org/scala-stm/scala-stm_2.11/0.7/scala-stm_2.11-0.7.jar
7fb40da27000-7fb40da28000 r--s 00003000 08:05 2616710                    /root/.m2/repository/com/typesafe/akka/akka-slf4j_2.11/2.3.13/akka-slf4j_2.11-2.3.13.jar
7fb40da28000-7fb40da4f000 r--s 00283000 08:05 2616708                    /root/.m2/repository/com/typesafe/akka/akka-actor_2.11/2.3.13/akka-actor_2.11-2.3.13.jar
7fb40da4f000-7fb40da55000 r--s 0003f000 08:05 1442010                    /root/.m2/repository/ch/qos/logback/logback-classic/1.1.3/logback-classic-1.1.3.jar
7fb40da55000-7fb40da60000 r--s 00065000 08:05 1442008                    /root/.m2/repository/ch/qos/logback/logback-core/1.1.3/logback-core-1.1.3.jar
7fb40da60000-7fb40da6b000 r--s 0005c000 08:05 938609                     /root/.m2/repository/org/scala-lang/modules/scala-parser-combinators_2.11/1.0.1/scala-parser-combinators_2.11-1.0.1.jar
7fb40da6b000-7fb40da6d000 r--s 0000d000 08:05 2616706                    /root/.m2/repository/com/typesafe/play/twirl-api_2.11/1.1.1/twirl-api_2.11-1.1.1.jar
7fb40da6d000-7fb40da6e000 r--s 00004000 08:05 2616704                    /root/.m2/repository/com/typesafe/play/play-netty-utils/2.4.6/play-netty-utils-2.4.6.jar
7fb40da6e000-7fb40da6f000 r--s 00001000 08:05 2616702                    /root/.m2/repository/com/typesafe/play/play-datacommons_2.11/2.4.6/play-datacommons_2.11-2.4.6.jar
7fb40da6f000-7fb40da78000 r--s 00059000 08:05 2616700                    /root/.m2/repository/com/typesafe/play/play-functional_2.11/2.4.6/play-functional_2.11-2.4.6.jar
7fb40da78000-7fb40da84000 r--s 0008c000 08:05 2616698                    /root/.m2/repository/com/typesafe/play/play-json_2.11/2.4.6/play-json_2.11-2.4.6.jar
7fb40da84000-7fb40da89000 r--s 0003f000 08:05 2616696                    /root/.m2/repository/com/typesafe/config/1.3.0/config-1.3.0.jar
7fb40da89000-7fb40da9c000 r--s 000a9000 08:05 2616694                    /root/.m2/repository/com/typesafe/play/play-iteratees_2.11/2.4.6/play-iteratees_2.11-2.4.6.jar
7fb40da9c000-7fb40da9e000 r--s 00000000 08:05 2616692                    /root/.m2/repository/com/typesafe/play/play-exceptions/2.4.6/play-exceptions-2.4.6.jar
7fb40da9e000-7fb40da9f000 r--s 00000000 08:05 2616690                    /root/.m2/repository/com/typesafe/play/build-link/2.4.6/build-link-2.4.6.jar
7fb40da9f000-7fb40daef000 r--s 00350000 08:05 2616688                    /root/.m2/repository/com/typesafe/play/play_2.11/2.4.6/play_2.11-2.4.6.jar
7fb40daef000-7fb40daf2000 r--s 00019000 08:05 2616686                    /root/.m2/repository/com/typesafe/play/play-java_2.11/2.4.6/play-java_2.11-2.4.6.jar
7fb40daf2000-7fb40daf5000 r--s 00428000 08:05 2616684                    /root/.m2/repository/org/xerial/sqlite-jdbc/3.15.1/sqlite-jdbc-3.15.1.jar
7fb40daf5000-7fb40daf9000 r--s 0001a000 08:05 1316947                    /root/.m2/repository/org/mapdb/elsa/3.0.0-M5/elsa-3.0.0-M5.jar
7fb40daf9000-7fb40dafb000 r--s 00009000 08:05 1316945                    /root/.m2/repository/org/eclipse/collections/eclipse-collections-forkjoin/7.1.1/eclipse-collections-forkjoin-7.1.1.jar
7fb40dafb000-7fb40db99000 r--s 00896000 08:05 1316943                    /root/.m2/repository/org/eclipse/collections/eclipse-collections/7.1.1/eclipse-collections-7.1.1.jar
7fb40db99000-7fb40db9a000 r--s 00000000 08:05 2377883                    /root/.m2/repository/net/jcip/jcip-annotations/1.0/jcip-annotations-1.0.jar
7fb40db9a000-7fb40dbbd000 r--s 000a0000 08:05 1316941                    /root/.m2/repository/org/eclipse/collections/eclipse-collections-api/7.1.1/eclipse-collections-api-7.1.1.jar
7fb40dbbd000-7fb40dbc6000 r--s 000aa000 08:05 1316935                    /root/.m2/repository/org/mapdb/mapdb/3.0.2/mapdb-3.0.2.jar
7fb40dbc6000-7fb40dbcc000 r--s 00034000 08:05 1316933                    /root/.m2/repository/org/agrona/Agrona/0.5.4/Agrona-0.5.4.jar
7fb40dbcc000-7fb40dbd1000 r--s 00042000 08:05 1316931                    /root/.m2/repository/org/deeplearning4j/deeplearning4j-ui-model/0.8.0/deeplearning4j-ui-model-0.8.0.jar
7fb40dbd1000-7fb40dbdd000 r--s 00504000 08:05 1316929                    /root/.m2/repository/org/deeplearning4j/deeplearning4j-play_2.11/0.8.0/deeplearning4j-play_2.11-0.8.0.jar
7fb40dbdd000-7fb40dbde000 r--s 00002000 08:05 1316927                    /root/.m2/repository/org/nd4j/nd4j-parameter-server-client/0.8.0/nd4j-parameter-server-client-0.8.0.jar
7fb40dbde000-7fb40dbe6000 r--s 00068000 08:05 1316925                    /root/.m2/repository/uk/co/real-logic/sbe-all/1.5.4/sbe-all-1.5.4.jar
7fb40dbe6000-7fb40dbf3000 r--s 000a9000 08:05 2616682                    /root/.m2/repository/io/aeron/aeron-all/1.0.4/aeron-all-1.0.4.jar
7fb40dbf3000-7fb40dbf5000 r--s 0000e000 08:05 1316923                    /root/.m2/repository/org/nd4j/nd4j-aeron/0.8.0/nd4j-aeron-0.8.0.jar
7fb40dbf5000-7fb40dbf6000 r--s 00000000 08:05 1316921                    /root/.m2/repository/org/nd4j/nd4j-base64/0.8.0/nd4j-base64-0.8.0.jar
7fb40dbf6000-7fb40dbf8000 r--s 00001000 08:05 1316919                    /root/.m2/repository/org/nd4j/nd4j-jackson/0.8.0/nd4j-jackson-0.8.0.jar
7fb40dbf8000-7fb40dbfa000 r--s 00009000 08:05 1316917                    /root/.m2/repository/org/apache/httpcomponents/httpmime/4.5.2/httpmime-4.5.2.jar
7fb40dbfa000-7fb40dc01000 r--s 00050000 08:05 1316915                    /root/.m2/repository/org/apache/httpcomponents/httpcore-nio/4.4.4/httpcore-nio-4.4.4.jar
7fb40dc01000-7fb40dc05000 r--s 00028000 08:05 1316913                    /root/.m2/repository/org/apache/httpcomponents/httpasyncclient/4.1.1/httpasyncclient-4.1.1.jar
7fb40dc05000-7fb40dc07000 r--s 00009000 08:05 2616680                    /root/.m2/repository/com/mashape/unirest/unirest-java/1.4.9/unirest-java-1.4.9.jar
7fb40dc07000-7fb40dc09000 r--s 00003000 08:05 1316911                    /root/.m2/repository/org/nd4j/nd4j-parameter-server-model/0.8.0/nd4j-parameter-server-model-0.8.0.jar
7fb40dc09000-7fb40dc0b000 r--s 00006000 08:05 1316909                    /root/.m2/repository/org/nd4j/nd4j-parameter-server/0.8.0/nd4j-parameter-server-0.8.0.jar
7fb40dc0b000-7fb40dc0d000 r--s 00005000 08:05 1316907                    /root/.m2/repository/org/deeplearning4j/deeplearning4j-parallel-wrapper_2.11/0.8.0/deeplearning4j-parallel-wrapper_2.11-0.8.0.jar
7fb40dc0d000-7fb40dc10000 r--s 00012000 08:05 2616430                    /root/.m2/repository/net/jodah/failsafe/1.0.4/failsafe-1.0.4.jar
7fb40dc10000-7fb40dc17000 r--s 0003f000 08:05 1192632                    /root/.m2/repository/commons-codec/commons-codec/1.10/commons-codec-1.10.jar
7fb40dc17000-7fb40dc1a000 r--s 00014000 08:05 1352370                    /root/.m2/repository/org/deeplearning4j/deeplearning4j-ui-components/0.8.0/deeplearning4j-ui-components-0.8.0.jar
7fb40dc1a000-7fb40dc1c000 r--s 00291000 08:05 1352368                    /root/.m2/repository/org/bytedeco/javacpp-presets/leptonica/1.73-1.3/leptonica-1.73-1.3-windows-x86_64.jar
7fb40dc1c000-7fb40dc1e000 r--s 002ac000 08:05 1352366                    /root/.m2/repository/org/bytedeco/javacpp-presets/leptonica/1.73-1.3/leptonica-1.73-1.3-windows-x86.jar
7fb40dc1e000-7fb40dc1f000 r--s 00254000 08:05 1352364                    /root/.m2/repository/org/bytedeco/javacpp-presets/leptonica/1.73-1.3/leptonica-1.73-1.3-macosx-x86_64.jar
7fb40dc1f000-7fb40dc20000 r--s 00239000 08:05 1352362                    /root/.m2/repository/org/bytedeco/javacpp-presets/leptonica/1.73-1.3/leptonica-1.73-1.3-linux-ppc64le.jar
7fb40dc20000-7fb40dc22000 r--s 001e0000 08:05 1352360                    /root/.m2/repository/org/bytedeco/javacpp-presets/leptonica/1.73-1.3/leptonica-1.73-1.3-linux-armhf.jar
7fb40dc22000-7fb40dc24000 r--s 00242000 08:05 1352358                    /root/.m2/repository/org/bytedeco/javacpp-presets/leptonica/1.73-1.3/leptonica-1.73-1.3-linux-x86_64.jar
7fb40dc24000-7fb40dc25000 r--s 00204000 08:05 1352356                    /root/.m2/repository/org/bytedeco/javacpp-presets/leptonica/1.73-1.3/leptonica-1.73-1.3-linux-x86.jar
7fb40dc25000-7fb40dc26000 r--s 00245000 08:05 1352354                    /root/.m2/repository/org/bytedeco/javacpp-presets/leptonica/1.73-1.3/leptonica-1.73-1.3-android-x86.jar
7fb40dc26000-7fb40dc27000 r--s 001e0000 08:05 1352352                    /root/.m2/repository/org/bytedeco/javacpp-presets/leptonica/1.73-1.3/leptonica-1.73-1.3-android-arm.jar
7fb40dc27000-7fb40dc2a000 r--s 00021000 08:05 1352350                    /root/.m2/repository/org/bytedeco/javacpp-presets/leptonica/1.73-1.3/leptonica-1.73-1.3.jar
7fb40dc2a000-7fb40dc2b000 r--s 00000000 08:05 1352348                    /root/.m2/repository/org/bytedeco/javacpp-presets/leptonica-platform/1.73-1.3/leptonica-platform-1.73-1.3.jar
7fb40dc2b000-7fb40dc2e000 r--s 009d8000 08:05 1352346                    /root/.m2/repository/org/bytedeco/javacpp-presets/opencv/3.1.0-1.3/opencv-3.1.0-1.3-windows-x86_64.jar
7fb40dc2e000-7fb40dc30000 r--s 00813000 08:05 1352344                    /root/.m2/repository/org/bytedeco/javacpp-presets/opencv/3.1.0-1.3/opencv-3.1.0-1.3-windows-x86.jar
7fb40dc30000-7fb40dc32000 r--s 00821000 08:05 1352342                    /root/.m2/repository/org/bytedeco/javacpp-presets/opencv/3.1.0-1.3/opencv-3.1.0-1.3-macosx-x86_64.jar
7fb40dc32000-7fb40dc34000 r--s 00988000 08:05 1352340                    /root/.m2/repository/org/bytedeco/javacpp-presets/opencv/3.1.0-1.3/opencv-3.1.0-1.3-linux-ppc64le.jar
7fb40dc34000-7fb40dc36000 r--s 007a4000 08:05 1352338                    /root/.m2/repository/org/bytedeco/javacpp-presets/opencv/3.1.0-1.3/opencv-3.1.0-1.3-linux-armhf.jar
7fb40dc36000-7fb40dc39000 r--s 007bf000 08:05 1352336                    /root/.m2/repository/org/bytedeco/javacpp-presets/opencv/3.1.0-1.3/opencv-3.1.0-1.3-linux-x86_64.jar
7fb40dc39000-7fb40dc3b000 r--s 00796000 08:05 1352334                    /root/.m2/repository/org/bytedeco/javacpp-presets/opencv/3.1.0-1.3/opencv-3.1.0-1.3-linux-x86.jar
7fb40dc3b000-7fb40dc3d000 r--s 00bf0000 08:05 1352332                    /root/.m2/repository/org/bytedeco/javacpp-presets/opencv/3.1.0-1.3/opencv-3.1.0-1.3-android-x86.jar
7fb40dc3d000-7fb40dc3f000 r--s 008f3000 08:05 1352330                    /root/.m2/repository/org/bytedeco/javacpp-presets/opencv/3.1.0-1.3/opencv-3.1.0-1.3-android-arm.jar
7fb40dc3f000-7fb40dc40000 r--s 00000000 08:05 1352328                    /root/.m2/repository/org/bytedeco/javacpp-presets/opencv-platform/3.1.0-1.3/opencv-platform-3.1.0-1.3.jar
7fb40dc40000-7fb40dc41000 r--s 00002000 08:05 1352326                    /root/.m2/repository/org/bytedeco/javacpp-presets/flandmark/1.07-1.3/flandmark-1.07-1.3.jar
7fb40dc41000-7fb40dc42000 r--s 00005000 08:05 1352324                    /root/.m2/repository/org/bytedeco/javacpp-presets/artoolkitplus/2.3.1-1.3/artoolkitplus-2.3.1-1.3.jar
7fb40dc42000-7fb40dc43000 r--s 00003000 08:05 1352322                    /root/.m2/repository/org/bytedeco/javacpp-presets/videoinput/0.200-1.3/videoinput-0.200-1.3.jar
7fb40dc43000-7fb40dc46000 r--s 00009000 08:05 1352320                    /root/.m2/repository/org/bytedeco/javacpp-presets/librealsense/1.9.6-1.3/librealsense-1.9.6-1.3.jar
7fb40dc46000-7fb40dc47000 r--s 00005000 08:05 1352318                    /root/.m2/repository/org/bytedeco/javacpp-presets/libfreenect2/0.2.0-1.3/libfreenect2-0.2.0-1.3.jar
7fb40dc47000-7fb40dc49000 r--s 00004000 08:05 1352316                    /root/.m2/repository/org/bytedeco/javacpp-presets/libfreenect/0.5.3-1.3/libfreenect-0.5.3-1.3.jar
7fb40dc49000-7fb40dc4b000 r--s 00006000 08:05 1352314                    /root/.m2/repository/org/bytedeco/javacpp-presets/libdc1394/2.2.4-1.3/libdc1394-2.2.4-1.3.jar
7fb40dc4b000-7fb40dc4f000 r--s 0001f000 08:05 1352312                    /root/.m2/repository/org/bytedeco/javacpp-presets/flycapture/2.9.3.43-1.3/flycapture-2.9.3.43-1.3.jar
7fb40dc4f000-7fb40dc56000 r--s 00033000 08:05 1352310                    /root/.m2/repository/org/bytedeco/javacpp-presets/ffmpeg/3.2.1-1.3/ffmpeg-3.2.1-1.3.jar
7fb40dc56000-7fb40dc66000 r--s 00098000 08:05 1352308                    /root/.m2/repository/org/bytedeco/javacpp-presets/opencv/3.1.0-1.3/opencv-3.1.0-1.3.jar
7fb40dc66000-7fb40dc6b000 r--s 0005a000 08:05 1352306                    /root/.m2/repository/org/bytedeco/javacv/1.3.1/javacv-1.3.1.jar
7fb40dc6b000-7fb40dc6d000 r--s 0000b000 08:05 1352304                    /root/.m2/repository/com/twelvemonkeys/imageio/imageio-bmp/3.1.1/imageio-bmp-3.1.1.jar
7fb40dc6d000-7fb40dc6f000 r--s 0000f000 08:05 1352302                    /root/.m2/repository/com/twelvemonkeys/imageio/imageio-psd/3.1.1/imageio-psd-3.1.1.jar
7fb40dc6f000-7fb40dc71000 r--s 0000e000 08:05 1352300                    /root/.m2/repository/com/twelvemonkeys/imageio/imageio-tiff/3.1.1/imageio-tiff-3.1.1.jar
7fb40dc71000-7fb40dc74000 r--s 00012000 08:05 1352298                    /root/.m2/repository/com/twelvemonkeys/common/common-image/3.1.1/common-image-3.1.1.jar
7fb40dc74000-7fb40dc76000 r--s 00014000 08:05 1352296                    /root/.m2/repository/com/twelvemonkeys/common/common-io/3.1.1/common-io-3.1.1.jar
7fb40dc76000-7fb40dc79000 r--s 0001a000 08:05 1352294                    /root/.m2/repository/com/twelvemonkeys/common/common-lang/3.1.1/common-lang-3.1.1.jar
7fb40dc79000-7fb40dc7c000 r--s 0000e000 08:05 1352292                    /root/.m2/repository/com/twelvemonkeys/imageio/imageio-metadata/3.1.1/imageio-metadata-3.1.1.jar
7fb40dc7c000-7fb40dc7f000 r--s 0000c000 08:05 1352290                    /root/.m2/repository/com/twelvemonkeys/imageio/imageio-core/3.1.1/imageio-core-3.1.1.jar
7fb40dc7f000-7fb40dc81000 r--s 0000d000 08:05 1352288                    /root/.m2/repository/com/twelvemonkeys/imageio/imageio-jpeg/3.1.1/imageio-jpeg-3.1.1.jar
7fb40dc81000-7fb40dc8c000 r--s 00088000 08:05 1352286                    /root/.m2/repository/com/github/jai-imageio/jai-imageio-core/1.3.0/jai-imageio-core-1.3.0.jar
7fb40dc8c000-7fb40dc8e000 r--s 0000f000 08:05 1352284                    /root/.m2/repository/org/datavec/datavec-data-image/0.8.0/datavec-data-image-0.8.0.jar
7fb40dc8e000-7fb40dc90000 r--s 0001f000 08:05 1352280                    /root/.m2/repository/org/nd4j/nd4j-common/0.8.0/nd4j-common-0.8.0.jar
7fb40dc90000-7fb40dc94000 r--s 0000f000 08:05 2499470                    /root/.m2/repository/com/google/code/findbugs/annotations/2.0.1/annotations-2.0.1.jar
7fb40dc94000-7fb40dc97000 r--s 0001d000 08:05 1352278                    /root/.m2/repository/org/reflections/reflections/0.9.10/reflections-0.9.10.jar
7fb40dc97000-7fb40dcaf000 r--s 00132000 08:05 1352276                    /root/.m2/repository/org/freemarker/freemarker/2.3.23/freemarker-2.3.23.jar
7fb40dcaf000-7fb40dcbc000 r--s 00091000 08:05 1352274                    /root/.m2/repository/org/datavec/datavec-api/0.8.0/datavec-api-0.8.0.jar
7fb40dcbc000-7fb40dcbd000 r--s 00002000 08:05 1352272                    /root/.m2/repository/org/datavec/datavec-nd4j-common/0.8.0/datavec-nd4j-common-0.8.0.jar
7fb40dcbd000-7fb40dcd2000 r--s 00141000 08:05 1352270                    /root/.m2/repository/org/projectlombok/lombok/1.16.10/lombok-1.16.10.jar
7fb40dcd2000-7fb40dcd3000 r--s 0000f000 08:05 1352268                    /root/.m2/repository/org/json/json/20131018/json-20131018.jar
7fb40dcd3000-7fb40dce3000 r--s 0007d000 08:05 1352266                    /root/.m2/repository/joda-time/joda-time/2.2/joda-time-2.2.jar
7fb40dce3000-7fb40dce7000 r--s 00024000 08:05 2371515                    /root/.m2/repository/org/codehaus/woodstox/stax2-api/3.1.4/stax2-api-3.1.4.jar
7fb40dce7000-7fb40dcee000 r--s 0003c000 08:05 1352264                    /root/.m2/repository/org/yaml/snakeyaml/1.12/snakeyaml-1.12.jar
7fb40dcee000-7fb40dd0e000 r--s 001ac000 08:05 1352262                    /root/.m2/repository/org/nd4j/jackson/0.8.0/jackson-0.8.0.jar
7fb40dd0e000-7fb40dd11000 r--s 0000b000 08:05 16494                      /root/.m2/repository/net/ericaro/neoitertools/1.0.0/neoitertools-1.0.0.jar
7fb40dd11000-7fb40dd13000 r--s 00001000 08:05 1352260                    /root/.m2/repository/org/nd4j/nd4j-context/0.8.0/nd4j-context-0.8.0.jar
7fb40dd13000-7fb40dd15000 r--s 0000d000 08:05 1352258                    /root/.m2/repository/org/nd4j/nd4j-buffer/0.8.0/nd4j-buffer-0.8.0.jar
7fb40dd15000-7fb40dd24000 r--s 000da000 08:05 1352256                    /root/.m2/repository/org/nd4j/nd4j-api/0.8.0/nd4j-api-0.8.0.jar
7fb40dd24000-7fb40dd28000 r--s 00015000 08:05 2499468                    /root/.m2/repository/org/tukaani/xz/1.5/xz-1.5.jar
7fb40dd28000-7fb40dd2f000 r--s 00053000 08:05 2499466                    /root/.m2/repository/org/apache/commons/commons-compress/1.8/commons-compress-1.8.jar
7fb40dd2f000-7fb40dd3c000 r--s 000cf000 08:05 1352254                    /root/.m2/repository/org/deeplearning4j/deeplearning4j-nn/0.8.0/deeplearning4j-nn-0.8.0.jar
7fb40dd3c000-7fb40dd3e000 r--s 00206000 08:05 1352252                    /root/.m2/repository/org/bytedeco/javacpp-presets/hdf5/1.10.0-patch1-1.3/hdf5-1.10.0-patch1-1.3-windows-x86_64.jar
7fb40dd3e000-7fb40dd3f000 r--s 001d7000 08:05 1352250                    /root/.m2/repository/org/bytedeco/javacpp-presets/hdf5/1.10.0-patch1-1.3/hdf5-1.10.0-patch1-1.3-windows-x86.jar
7fb40dd3f000-7fb40dd40000 r--s 001bf000 08:05 1352248                    /root/.m2/repository/org/bytedeco/javacpp-presets/hdf5/1.10.0-patch1-1.3/hdf5-1.10.0-patch1-1.3-macosx-x86_64.jar
7fb40dd40000-7fb40dd42000 r--s 001d0000 08:05 1352246                    /root/.m2/repository/org/bytedeco/javacpp-presets/hdf5/1.10.0-patch1-1.3/hdf5-1.10.0-patch1-1.3-linux-ppc64le.jar
7fb40dd42000-7fb40dd43000 r--s 001e7000 08:05 1352244                    /root/.m2/repository/org/bytedeco/javacpp-presets/hdf5/1.10.0-patch1-1.3/hdf5-1.10.0-patch1-1.3-linux-x86_64.jar
7fb40dd43000-7fb40dd44000 r--s 001bf000 08:05 1352242                    /root/.m2/repository/org/bytedeco/javacpp-presets/hdf5/1.10.0-patch1-1.3/hdf5-1.10.0-patch1-1.3-linux-x86.jar
7fb40dd44000-7fb40dd48000 r--s 00025000 08:05 1352240                    /root/.m2/repository/org/bytedeco/javacpp-presets/hdf5/1.10.0-patch1-1.3/hdf5-1.10.0-patch1-1.3.jar
7fb40dd48000-7fb40dd49000 r--s 00000000 08:05 1352238                    /root/.m2/repository/org/bytedeco/javacpp-presets/hdf5-platform/1.10.0-patch1-1.3/hdf5-platform-1.10.0-patch1-1.3.jar
7fb40dd49000-7fb40dd4b000 r--s 00014000 08:05 1352234                    /root/.m2/repository/org/deeplearning4j/deeplearning4j-modelimport/0.8.0/deeplearning4j-modelimport-0.8.0.jar
7fb40dd4b000-7fb40dd50000 r--s 0002e000 08:05 1352232                    /root/.m2/repository/org/deeplearning4j/deeplearning4j-core/0.8.0/deeplearning4j-core-0.8.0.jar
7fb40dd50000-7fb40dd51000 r--s 00094000 08:05 1442199                    /root/.m2/repository/org/nd4j/nd4j-native/0.8.0/nd4j-native-0.8.0-linux-ppc64le.jar
7fb40dd51000-7fb40dd52000 r--s 00157000 08:05 1442197                    /root/.m2/repository/org/nd4j/nd4j-native/0.8.0/nd4j-native-0.8.0-windows-x86_64.jar
7fb40dd52000-7fb40dd53000 r--s 0011c000 08:05 1442194                    /root/.m2/repository/org/nd4j/nd4j-native/0.8.0/nd4j-native-0.8.0-macosx-x86_64.jar
7fb40dd53000-7fb40dd55000 r--s 000b9000 08:05 1442192                    /root/.m2/repository/org/nd4j/nd4j-native/0.8.0/nd4j-native-0.8.0-linux-x86_64.jar
7fb40dd55000-7fb40dd57000 r--s 00129000 08:05 1442190                    /root/.m2/repository/org/nd4j/nd4j-native/0.8.0/nd4j-native-0.8.0-android-x86.jar
7fb40dd57000-7fb40dd58000 r--s 000d4000 08:05 1442187                    /root/.m2/repository/org/nd4j/nd4j-native/0.8.0/nd4j-native-0.8.0-android-arm.jar
7fb40dd58000-7fb40dd59000 r--s 00008000 08:05 1442185                    /root/.m2/repository/org/nd4j/nd4j-native-api/0.8.0/nd4j-native-api-0.8.0.jar
7fb40dd59000-7fb40dd5a000 r--s 00ad9000 08:05 1442183                    /root/.m2/repository/org/bytedeco/javacpp-presets/openblas/0.2.19-1.3/openblas-0.2.19-1.3-windows-x86_64.jar
7fb40dd5a000-7fb40dd5c000 r--s 007e8000 08:05 1442180                    /root/.m2/repository/org/bytedeco/javacpp-presets/openblas/0.2.19-1.3/openblas-0.2.19-1.3-windows-x86.jar
7fb40dd5c000-7fb40dd5e000 r--s 00bd4000 08:05 1442178                    /root/.m2/repository/org/bytedeco/javacpp-presets/openblas/0.2.19-1.3/openblas-0.2.19-1.3-macosx-x86_64.jar
7fb40dd5e000-7fb40dd5f000 r--s 00639000 08:05 1442176                    /root/.m2/repository/org/bytedeco/javacpp-presets/openblas/0.2.19-1.3/openblas-0.2.19-1.3-linux-ppc64le.jar
7fb40dd5f000-7fb40dd60000 r--s 005d2000 08:05 1442173                    /root/.m2/repository/org/bytedeco/javacpp-presets/openblas/0.2.19-1.3/openblas-0.2.19-1.3-linux-armhf.jar
7fb40dd60000-7fb40dd61000 r--s 00b04000 08:05 1442170                    /root/.m2/repository/org/bytedeco/javacpp-presets/openblas/0.2.19-1.3/openblas-0.2.19-1.3-linux-x86_64.jar
7fb40dd61000-7fb40dd63000 r--s 0079c000 08:05 1442168                    /root/.m2/repository/org/bytedeco/javacpp-presets/openblas/0.2.19-1.3/openblas-0.2.19-1.3-linux-x86.jar
7fb40dd63000-7fb40dd64000 r--s 00104000 08:05 1442166                    /root/.m2/repository/org/bytedeco/javacpp-presets/openblas/0.2.19-1.3/openblas-0.2.19-1.3-android-x86.jar
7fb40dd64000-7fb40dd65000 r--s 0009e000 08:05 1442163                    /root/.m2/repository/org/bytedeco/javacpp-presets/openblas/0.2.19-1.3/openblas-0.2.19-1.3-android-arm.jar
7fb40dd65000-7fb40dd66000 r--s 0001c000 08:05 1442161                    /root/.m2/repository/org/bytedeco/javacpp-presets/openblas/0.2.19-1.3/openblas-0.2.19-1.3.jar
7fb40dd66000-7fb40dd67000 r--s 00000000 08:05 1442158                    /root/.m2/repository/org/bytedeco/javacpp-presets/openblas-platform/0.2.19-1.3/openblas-platform-0.2.19-1.3.jar
7fb40dd67000-7fb40dd6c000 r--s 00049000 08:05 1352236                    /root/.m2/repository/org/bytedeco/javacpp/1.3.2/javacpp-1.3.2.jar
7fb40dd6c000-7fb40dd6e000 r--s 0000f000 08:05 1442156                    /root/.m2/repository/org/nd4j/nd4j-native/0.8.0/nd4j-native-0.8.0.jar
7fb40dd6e000-7fb40dd6f000 r--s 00000000 08:05 1442153                    /root/.m2/repository/org/nd4j/nd4j-native-platform/0.8.0/nd4j-native-platform-0.8.0.jar
7fb40dd6f000-7fb40dd73000 r--s 00018000 08:05 1351551                    /root/.m2/repository/com/datastax/cassandra/cassandra-driver-mapping/3.3.0/cassandra-driver-mapping-3.3.0.jar
7fb40dd73000-7fb40dd78000 r--s 0004a000 08:05 1351585                    /root/.m2/repository/com/github/jnr/jnr-constants/0.9.0/jnr-constants-0.9.0.jar
7fb40dd78000-7fb40dd7d000 r--s 00031000 08:05 1351583                    /root/.m2/repository/com/github/jnr/jnr-posix/3.0.27/jnr-posix-3.0.27.jar
7fb40dd7d000-7fb40dd80000 r--s 00033000 08:05 1351581                    /root/.m2/repository/com/github/jnr/jnr-x86asm/1.0.2/jnr-x86asm-1.0.2.jar
7fb40dd80000-7fb40dd81000 r--s 0000a000 08:05 1351579                    /root/.m2/repository/org/ow2/asm/asm-util/5.0.3/asm-util-5.0.3.jar
7fb40dd81000-7fb40dd83000 r--s 00006000 08:05 1351577                    /root/.m2/repository/org/ow2/asm/asm-tree/5.0.3/asm-tree-5.0.3.jar
7fb40dd83000-7fb40dd84000 r--s 00004000 08:05 1351575                    /root/.m2/repository/org/ow2/asm/asm-analysis/5.0.3/asm-analysis-5.0.3.jar
7fb40dd84000-7fb40dd86000 r--s 00009000 08:05 1351573                    /root/.m2/repository/org/ow2/asm/asm-commons/5.0.3/asm-commons-5.0.3.jar
7fb40dd86000-7fb40dd88000 r--s 0006e000 08:05 1351569                    /root/.m2/repository/com/github/jnr/jffi/1.2.10/jffi-1.2.10-native.jar
7fb40dd88000-7fb40dd8c000 r--s 00021000 08:05 1351567                    /root/.m2/repository/com/github/jnr/jffi/1.2.10/jffi-1.2.10.jar
7fb40dd8c000-7fb40dd9c000 r--s 00091000 08:05 1351565                    /root/.m2/repository/com/github/jnr/jnr-ffi/2.0.7/jnr-ffi-2.0.7.jar
7fb40dd9c000-7fb40dda0000 r--s 00021000 08:05 1351563                    /root/.m2/repository/io/netty/netty-codec/4.0.47.Final/netty-codec-4.0.47.Final.jar
7fb40dda0000-7fb40dda8000 r--s 00055000 08:05 1351561                    /root/.m2/repository/io/netty/netty-transport/4.0.47.Final/netty-transport-4.0.47.Final.jar
7fb40dda8000-7fb40ddb0000 r--s 00052000 08:05 1351559                    /root/.m2/repository/io/netty/netty-common/4.0.47.Final/netty-common-4.0.47.Final.jar
7fb40ddb0000-7fb40ddb4000 r--s 00036000 08:05 1351557                    /root/.m2/repository/io/netty/netty-buffer/4.0.47.Final/netty-buffer-4.0.47.Final.jar
7fb40ddb4000-7fb40ddbb000 r--s 0004d000 08:05 1351555                    /root/.m2/repository/io/netty/netty-handler/4.0.47.Final/netty-handler-4.0.47.Final.jar
7fb40ddbb000-7fb40ddce000 r--s 000f6000 08:05 1351553                    /root/.m2/repository/com/datastax/cassandra/cassandra-driver-core/3.3.0/cassandra-driver-core-3.3.0.jar
7fb40ddce000-7fb40ddd0000 r--s 0000f000 08:05 2379020                    /root/.m2/repository/com/beust/jcommander/1.72/jcommander-1.72.jar
7fb40ddd0000-7fb40ddd2000 r--s 00009000 08:05 2379018                    /root/.m2/repository/org/knowm/xchange/xchange-gdax/4.2.1/xchange-gdax-4.2.1.jar
7fb40ddd2000-7fb40ddd6000 r--s 0002f000 08:05 2367677                    /root/.m2/repository/commons-io/commons-io/2.5/commons-io-2.5.jar
7fb40ddd6000-7fb40ddd9000 r--s 00009000 08:05 2379014                    /root/.m2/repository/oauth/signpost/signpost-core/1.2.1.2/signpost-core-1.2.1.2.jar
7fb40ddd9000-7fb40dddb000 r--s 0000a000 08:05 1196790                    /root/.m2/repository/javax/ws/rs/jsr311-api/1.1.1/jsr311-api-1.1.1.jar
7fb40dddb000-7fb40dddd000 r--s 0000e000 08:05 1309194                    /root/.m2/repository/com/github/mmazi/rescu/1.9.0/rescu-1.9.0.jar
7fb40dddd000-7fb40dde2000 r--s 0001e000 08:05 2379008                    /root/.m2/repository/org/knowm/xchange/xchange-core/4.2.1/xchange-core-4.2.1.jar
7fb40dde2000-7fb40dde6000 r--s 0003e000 08:05 11657                      /home/floris/git/yggdrasil/kvasir/src/main/lib/controlP5.jar
7fb40dde6000-7fb40dde8000 r--s 00007000 08:05 10008                      /home/floris/git/yggdrasil/kvasir/src/main/lib/grafica.jar
7fb40dde8000-7fb40ddee000 r--s 000f4000 08:05 679641                     /root/.m2/repository/org/processing/core/3.3.5/core-3.3.5.jar
7fb40ddee000-7fb40ddf0000 r--s 00002000 08:05 1321357                    /root/.m2/repository/org/swinglabs/swing-worker/1.1/swing-worker-1.1.jar
7fb40ddf0000-7fb40ddf7000 r--s 0004d000 08:05 2616911                    /root/.m2/repository/com/jhlabs/filters/2.0.235/filters-2.0.235.jar
7fb40ddf7000-7fb40de12000 r--s 00139000 08:05 1321355                    /root/.m2/repository/org/swinglabs/swingx/1.6.1/swingx-1.6.1.jar
7fb40de12000-7fb40de16000 r--s 00042000 08:05 1321353                    /root/.m2/repository/com/github/haifengl/smile-plot/1.4.0/smile-plot-1.4.0.jar
7fb40de16000-7fb40de25000 r--s 000c8000 08:05 1321315                    /root/.m2/repository/org/jetbrains/kotlin/kotlin-stdlib/1.1.3-2/kotlin-stdlib-1.1.3-2.jar
7fb40de25000-7fb40de4f000 rw-p 00000000 00:00 0 
7fb40de4f000-7fb40df75000 r--s 00f45000 08:05 1321303                    /root/.m2/repository/it/unimi/dsi/fastutil/7.2.1/fastutil-7.2.1.jar
7fb40df75000-7fb40df9c000 r--s 001f6000 08:05 16833                      /root/.m2/repository/org/apache/commons/commons-math3/3.6.1/commons-math3-3.6.1.jar
7fb40df9c000-7fb40df9d000 ---p 00000000 00:00 0 
7fb40df9d000-7fb40e09d000 rw-p 00000000 00:00 0                          [stack:7946]
7fb40e09d000-7fb40e0a0000 ---p 00000000 00:00 0 
7fb40e0a0000-7fb40e19e000 rw-p 00000000 00:00 0                          [stack:7945]
7fb40e19e000-7fb40e1a1000 ---p 00000000 00:00 0 
7fb40e1a1000-7fb40e29f000 rw-p 00000000 00:00 0                          [stack:7944]
7fb40e29f000-7fb40e2a2000 ---p 00000000 00:00 0 
7fb40e2a2000-7fb40e3a0000 rw-p 00000000 00:00 0                          [stack:7943]
7fb40e3a0000-7fb40e3a3000 ---p 00000000 00:00 0 
7fb40e3a3000-7fb40e4a1000 rw-p 00000000 00:00 0                          [stack:7942]
7fb40e4a1000-7fb40e4a4000 ---p 00000000 00:00 0 
7fb40e4a4000-7fb40e5a2000 rw-p 00000000 00:00 0                          [stack:7941]
7fb40e5a2000-7fb40e5a5000 ---p 00000000 00:00 0 
7fb40e5a5000-7fb40e6a3000 rw-p 00000000 00:00 0                          [stack:7938]
7fb40e6a3000-7fb40e6a6000 ---p 00000000 00:00 0 
7fb40e6a6000-7fb40e7a4000 rw-p 00000000 00:00 0                          [stack:7935]
7fb40e7a4000-7fb40e7a7000 ---p 00000000 00:00 0 
7fb40e7a7000-7fb40e8a5000 rw-p 00000000 00:00 0                          [stack:7934]
7fb40e8a5000-7fb40e8a9000 r-xp 00000000 08:05 801157                     /usr/lib/jvm/java-8-oracle/jre/lib/amd64/libdt_socket.so
7fb40e8a9000-7fb40eaa8000 ---p 00004000 08:05 801157                     /usr/lib/jvm/java-8-oracle/jre/lib/amd64/libdt_socket.so
7fb40eaa8000-7fb40eaa9000 rw-p 00003000 08:05 801157                     /usr/lib/jvm/java-8-oracle/jre/lib/amd64/libdt_socket.so
7fb40eaa9000-7fb40eaac000 ---p 00000000 00:00 0 
7fb40eaac000-7fb40ebaa000 rw-p 00000000 00:00 0                          [stack:7932]
7fb40ebaa000-7fb40ebad000 ---p 00000000 00:00 0 
7fb40ebad000-7fb40ecab000 rw-p 00000000 00:00 0                          [stack:7930]
7fb40ecab000-7fb40ecae000 ---p 00000000 00:00 0 
7fb40ecae000-7fb40edac000 rw-p 00000000 00:00 0                          [stack:7929]
7fb40edac000-7fb40edad000 ---p 00000000 00:00 0 
7fb40edad000-7fb410000000 rw-p 00000000 00:00 0                          [stack:7928]
7fb410000000-7fb410021000 rw-p 00000000 00:00 0 
7fb410021000-7fb414000000 ---p 00000000 00:00 0 
7fb414000000-7fb414001000 r--s 0000c000 08:05 1351571                    /root/.m2/repository/org/ow2/asm/asm/5.0.3/asm-5.0.3.jar
7fb414001000-7fb414003000 r--s 0000a000 08:05 1312166                    /root/.m2/repository/tech/tablesaw/tablesaw-plot/0.9.0/tablesaw-plot-0.9.0.jar
7fb414003000-7fb414006000 r--s 00037000 08:05 1321301                    /root/.m2/repository/org/roaringbitmap/RoaringBitmap/0.6.47/RoaringBitmap-0.6.47.jar
7fb414006000-7fb414008000 r--s 00003000 08:05 1321317                    /root/.m2/repository/org/jetbrains/annotations/13.0/annotations-13.0.jar
7fb414008000-7fb424000000 rw-p 00000000 00:00 0 
7fb424000000-7fb424021000 rw-p 00000000 00:00 0 
7fb424021000-7fb428000000 ---p 00000000 00:00 0 
7fb428000000-7fb428021000 rw-p 00000000 00:00 0 
7fb428021000-7fb42c000000 ---p 00000000 00:00 0 
7fb42c000000-7fb42c021000 rw-p 00000000 00:00 0 
7fb42c021000-7fb430000000 ---p 00000000 00:00 0 
7fb430000000-7fb430021000 rw-p 00000000 00:00 0 
7fb430021000-7fb434000000 ---p 00000000 00:00 0 
7fb434000000-7fb434021000 rw-p 00000000 00:00 0 
7fb434021000-7fb438000000 ---p 00000000 00:00 0 
7fb438000000-7fb438021000 rw-p 00000000 00:00 0 
7fb438021000-7fb43c000000 ---p 00000000 00:00 0 
7fb43c000000-7fb43c021000 rw-p 00000000 00:00 0 
7fb43c021000-7fb440000000 ---p 00000000 00:00 0 
7fb440000000-7fb440001000 r--s 00004000 08:05 2501768                    /root/.m2/repository/net/iharder/base64/2.3.9/base64-2.3.9.jar
7fb440001000-7fb440003000 r--s 0000d000 08:05 1055384                    /root/.m2/repository/org/iq80/snappy/snappy/0.4/snappy-0.4.jar
7fb440003000-7fb440010000 r--s 00083000 08:05 411062                     /root/.m2/repository/commons-collections/commons-collections/3.2.2/commons-collections-3.2.2.jar
7fb440010000-7fb440012000 r--s 0000e000 08:05 2367673                    /root/.m2/repository/commons-logging/commons-logging/1.2/commons-logging-1.2.jar
7fb440012000-7fb440017000 r--s 00038000 08:05 1192595                    /root/.m2/repository/commons-beanutils/commons-beanutils/1.9.3/commons-beanutils-1.9.3.jar
7fb440017000-7fb4406ae000 rw-p 00000000 00:00 0 
7fb4406ae000-7fb440888000 r--s 03d4d000 08:05 801108                     /usr/lib/jvm/java-8-oracle/jre/lib/rt.jar
7fb440888000-7fb440f7e000 rw-p 00000000 00:00 0 
7fb440f7e000-7fb4410fe000 ---p 00000000 00:00 0 
7fb4410fe000-7fb4420b5000 rw-p 00000000 00:00 0 
7fb4420b5000-7fb4420b6000 ---p 00000000 00:00 0 
7fb4420b6000-7fb4421b6000 rw-p 00000000 00:00 0                          [stack:7927]
7fb4421b6000-7fb4421b7000 ---p 00000000 00:00 0 
7fb4421b7000-7fb4422b7000 rw-p 00000000 00:00 0                          [stack:7926]
7fb4422b7000-7fb4422b8000 ---p 00000000 00:00 0 
7fb4422b8000-7fb4423b8000 rw-p 00000000 00:00 0                          [stack:7925]
7fb4423b8000-7fb4423b9000 ---p 00000000 00:00 0 
7fb4423b9000-7fb4424b9000 rw-p 00000000 00:00 0                          [stack:7924]
7fb4424b9000-7fb4424ba000 ---p 00000000 00:00 0 
7fb4424ba000-7fb4425ba000 rw-p 00000000 00:00 0                          [stack:7923]
7fb4425ba000-7fb4425bb000 ---p 00000000 00:00 0 
7fb4425bb000-7fb4426bb000 rw-p 00000000 00:00 0                          [stack:7922]
7fb4426bb000-7fb4426bc000 ---p 00000000 00:00 0 
7fb4426bc000-7fb442864000 rw-p 00000000 00:00 0                          [stack:7921]
7fb442864000-7fb443236000 ---p 00000000 00:00 0 
7fb443236000-7fb4432de000 rw-p 00000000 00:00 0 
7fb4432de000-7fb443cb0000 ---p 00000000 00:00 0 
7fb443cb0000-7fb443d04000 rw-p 00000000 00:00 0 
7fb443d04000-7fb4441ed000 ---p 00000000 00:00 0 
7fb4441ed000-7fb4441f9000 rw-p 00000000 00:00 0 
7fb4441f9000-7fb4445ae000 ---p 00000000 00:00 0 
7fb4445ae000-7fb44485e000 rwxp 00000000 00:00 0 
7fb44485e000-7fb4535ae000 ---p 00000000 00:00 0 
7fb4535ae000-7fb4535c8000 r-xp 00000000 08:05 801139                     /usr/lib/jvm/java-8-oracle/jre/lib/amd64/libzip.so
7fb4535c8000-7fb4537c8000 ---p 0001a000 08:05 801139                     /usr/lib/jvm/java-8-oracle/jre/lib/amd64/libzip.so
7fb4537c8000-7fb4537c9000 rw-p 0001a000 08:05 801139                     /usr/lib/jvm/java-8-oracle/jre/lib/amd64/libzip.so
7fb4537c9000-7fb4537d4000 r-xp 00000000 08:05 1573100                    /lib/x86_64-linux-gnu/libnss_files-2.19.so
7fb4537d4000-7fb4539d3000 ---p 0000b000 08:05 1573100                    /lib/x86_64-linux-gnu/libnss_files-2.19.so
7fb4539d3000-7fb4539d4000 r--p 0000a000 08:05 1573100                    /lib/x86_64-linux-gnu/libnss_files-2.19.so
7fb4539d4000-7fb4539d5000 rw-p 0000b000 08:05 1573100                    /lib/x86_64-linux-gnu/libnss_files-2.19.so
7fb4539d5000-7fb4539df000 r-xp 00000000 08:05 1573102                    /lib/x86_64-linux-gnu/libnss_nis-2.19.so
7fb4539df000-7fb453bde000 ---p 0000a000 08:05 1573102                    /lib/x86_64-linux-gnu/libnss_nis-2.19.so
7fb453bde000-7fb453bdf000 r--p 00009000 08:05 1573102                    /lib/x86_64-linux-gnu/libnss_nis-2.19.so
7fb453bdf000-7fb453be0000 rw-p 0000a000 08:05 1573102                    /lib/x86_64-linux-gnu/libnss_nis-2.19.so
7fb453be0000-7fb453bf5000 r-xp 00000000 08:05 1573097                    /lib/x86_64-linux-gnu/libnsl-2.19.so
7fb453bf5000-7fb453df4000 ---p 00015000 08:05 1573097                    /lib/x86_64-linux-gnu/libnsl-2.19.so
7fb453df4000-7fb453df5000 r--p 00014000 08:05 1573097                    /lib/x86_64-linux-gnu/libnsl-2.19.so
7fb453df5000-7fb453df6000 rw-p 00015000 08:05 1573097                    /lib/x86_64-linux-gnu/libnsl-2.19.so
7fb453df6000-7fb453df8000 rw-p 00000000 00:00 0 
7fb453df8000-7fb453dff000 r-xp 00000000 08:05 1573098                    /lib/x86_64-linux-gnu/libnss_compat-2.19.so
7fb453dff000-7fb453ffe000 ---p 00007000 08:05 1573098                    /lib/x86_64-linux-gnu/libnss_compat-2.19.so
7fb453ffe000-7fb453fff000 r--p 00006000 08:05 1573098                    /lib/x86_64-linux-gnu/libnss_compat-2.19.so
7fb453fff000-7fb454000000 rw-p 00007000 08:05 1573098                    /lib/x86_64-linux-gnu/libnss_compat-2.19.so
7fb454000000-7fb4552ad000 rw-p 00000000 00:00 0 
7fb4552ad000-7fb458000000 ---p 00000000 00:00 0 
7fb458000000-7fb458001000 r--s 00000000 08:05 1321319                    /root/.m2/repository/org/jetbrains/kotlin/kotlin-stdlib-jre7/1.1.3-2/kotlin-stdlib-jre7-1.1.3-2.jar
7fb458001000-7fb458004000 r--s 0001d000 08:05 2616893                    /root/.m2/repository/org/apache/commons/commons-text/1.1/commons-text-1.1.jar
7fb458004000-7fb458007000 r--s 00017000 08:05 1321299                    /root/.m2/repository/com/opencsv/opencsv/4.0/opencsv-4.0.jar
7fb458007000-7fb45800b000 r--s 00045000 08:05 1321309                    /root/.m2/repository/com/github/haifengl/smile-math/1.4.0/smile-math-1.4.0.jar
7fb45800b000-7fb458012000 r--s 0007b000 08:05 1321305                    /root/.m2/repository/com/github/haifengl/smile-core/1.4.0/smile-core-1.4.0.jar
7fb458012000-7fb45808e000 rw-p 00000000 00:00 0 
7fb45808e000-7fb45808f000 ---p 00000000 00:00 0 
7fb45808f000-7fb45818f000 rw-p 00000000 00:00 0                          [stack:7920]
7fb45818f000-7fb458318000 r--p 00000000 08:05 133855                     /usr/lib/locale/locale-archive
7fb458318000-7fb45831a000 r-xp 00000000 08:05 801147                     /usr/lib/jvm/java-8-oracle/jre/lib/amd64/libnpt.so
7fb45831a000-7fb45851a000 ---p 00002000 08:05 801147                     /usr/lib/jvm/java-8-oracle/jre/lib/amd64/libnpt.so
7fb45851a000-7fb45851b000 rw-p 00002000 08:05 801147                     /usr/lib/jvm/java-8-oracle/jre/lib/amd64/libnpt.so
7fb45851b000-7fb458554000 r-xp 00000000 08:05 801113                     /usr/lib/jvm/java-8-oracle/jre/lib/amd64/libjdwp.so
7fb458554000-7fb458754000 ---p 00039000 08:05 801113                     /usr/lib/jvm/java-8-oracle/jre/lib/amd64/libjdwp.so
7fb458754000-7fb458755000 rw-p 00039000 08:05 801113                     /usr/lib/jvm/java-8-oracle/jre/lib/amd64/libjdwp.so
7fb458755000-7fb458756000 rw-p 00000000 00:00 0 
7fb458756000-7fb458781000 r-xp 00000000 08:05 801166                     /usr/lib/jvm/java-8-oracle/jre/lib/amd64/libjava.so
7fb458781000-7fb458980000 ---p 0002b000 08:05 801166                     /usr/lib/jvm/java-8-oracle/jre/lib/amd64/libjava.so
7fb458980000-7fb458982000 rw-p 0002a000 08:05 801166                     /usr/lib/jvm/java-8-oracle/jre/lib/amd64/libjava.so
7fb458982000-7fb45898f000 r-xp 00000000 08:05 801117                     /usr/lib/jvm/java-8-oracle/jre/lib/amd64/libverify.so
7fb45898f000-7fb458b8f000 ---p 0000d000 08:05 801117                     /usr/lib/jvm/java-8-oracle/jre/lib/amd64/libverify.so
7fb458b8f000-7fb458b91000 rw-p 0000d000 08:05 801117                     /usr/lib/jvm/java-8-oracle/jre/lib/amd64/libverify.so
7fb458b91000-7fb458b98000 r-xp 00000000 08:05 1573106                    /lib/x86_64-linux-gnu/librt-2.19.so
7fb458b98000-7fb458d97000 ---p 00007000 08:05 1573106                    /lib/x86_64-linux-gnu/librt-2.19.so
7fb458d97000-7fb458d98000 r--p 00006000 08:05 1573106                    /lib/x86_64-linux-gnu/librt-2.19.so
7fb458d98000-7fb458d99000 rw-p 00007000 08:05 1573106                    /lib/x86_64-linux-gnu/librt-2.19.so
7fb458d99000-7fb458e99000 r-xp 00000000 08:05 1573095                    /lib/x86_64-linux-gnu/libm-2.19.so
7fb458e99000-7fb459098000 ---p 00100000 08:05 1573095                    /lib/x86_64-linux-gnu/libm-2.19.so
7fb459098000-7fb459099000 r--p 000ff000 08:05 1573095                    /lib/x86_64-linux-gnu/libm-2.19.so
7fb459099000-7fb45909a000 rw-p 00100000 08:05 1573095                    /lib/x86_64-linux-gnu/libm-2.19.so
7fb45909a000-7fb459d6d000 r-xp 00000000 08:05 801170                     /usr/lib/jvm/java-8-oracle/jre/lib/amd64/server/libjvm.so
7fb459d6d000-7fb459f6c000 ---p 00cd3000 08:05 801170                     /usr/lib/jvm/java-8-oracle/jre/lib/amd64/server/libjvm.so
7fb459f6c000-7fb45a046000 rw-p 00cd2000 08:05 801170                     /usr/lib/jvm/java-8-oracle/jre/lib/amd64/server/libjvm.so
7fb45a046000-7fb45a091000 rw-p 00000000 00:00 0 
7fb45a091000-7fb45a232000 r-xp 00000000 08:05 1573091                    /lib/x86_64-linux-gnu/libc-2.19.so
7fb45a232000-7fb45a432000 ---p 001a1000 08:05 1573091                    /lib/x86_64-linux-gnu/libc-2.19.so
7fb45a432000-7fb45a436000 r--p 001a1000 08:05 1573091                    /lib/x86_64-linux-gnu/libc-2.19.so
7fb45a436000-7fb45a438000 rw-p 001a5000 08:05 1573091                    /lib/x86_64-linux-gnu/libc-2.19.so
7fb45a438000-7fb45a43c000 rw-p 00000000 00:00 0 
7fb45a43c000-7fb45a43f000 r-xp 00000000 08:05 1573094                    /lib/x86_64-linux-gnu/libdl-2.19.so
7fb45a43f000-7fb45a63e000 ---p 00003000 08:05 1573094                    /lib/x86_64-linux-gnu/libdl-2.19.so
7fb45a63e000-7fb45a63f000 r--p 00002000 08:05 1573094                    /lib/x86_64-linux-gnu/libdl-2.19.so
7fb45a63f000-7fb45a640000 rw-p 00003000 08:05 1573094                    /lib/x86_64-linux-gnu/libdl-2.19.so
7fb45a640000-7fb45a655000 r-xp 00000000 08:05 540784                     /usr/lib/jvm/java-8-oracle/lib/amd64/jli/libjli.so
7fb45a655000-7fb45a855000 ---p 00015000 08:05 540784                     /usr/lib/jvm/java-8-oracle/lib/amd64/jli/libjli.so
7fb45a855000-7fb45a856000 rw-p 00015000 08:05 540784                     /usr/lib/jvm/java-8-oracle/lib/amd64/jli/libjli.so
7fb45a856000-7fb45a86e000 r-xp 00000000 08:05 1573087                    /lib/x86_64-linux-gnu/libpthread-2.19.so
7fb45a86e000-7fb45aa6d000 ---p 00018000 08:05 1573087                    /lib/x86_64-linux-gnu/libpthread-2.19.so
7fb45aa6d000-7fb45aa6e000 r--p 00017000 08:05 1573087                    /lib/x86_64-linux-gnu/libpthread-2.19.so
7fb45aa6e000-7fb45aa6f000 rw-p 00018000 08:05 1573087                    /lib/x86_64-linux-gnu/libpthread-2.19.so
7fb45aa6f000-7fb45aa73000 rw-p 00000000 00:00 0 
7fb45aa73000-7fb45aa94000 r-xp 00000000 08:05 1573088                    /lib/x86_64-linux-gnu/ld-2.19.so
7fb45aa94000-7fb45aa95000 r--s 00002000 08:05 1321313                    /root/.m2/repository/org/jetbrains/kotlin/kotlin-stdlib-jre8/1.1.3-2/kotlin-stdlib-jre8-1.1.3-2.jar
7fb45aa95000-7fb45aa97000 r--s 0000a000 08:05 1321307                    /root/.m2/repository/com/github/haifengl/smile-data/1.4.0/smile-data-1.4.0.jar
7fb45aa97000-7fb45aa9f000 r--s 00071000 08:05 2616891                    /root/.m2/repository/org/apache/commons/commons-lang3/3.6/commons-lang3-3.6.jar
7fb45aa9f000-7fb45aaa9000 r--s 00076000 08:05 1312160                    /root/.m2/repository/tech/tablesaw/tablesaw-core/0.9.0/tablesaw-core-0.9.0.jar
7fb45aaa9000-7fb45ab6f000 rw-p 00000000 00:00 0 
7fb45ab6f000-7fb45ab72000 ---p 00000000 00:00 0 
7fb45ab72000-7fb45ac74000 rw-p 00000000 00:00 0                          [stack:7918]
7fb45ac74000-7fb45ac75000 r--s 00003000 08:05 1321311                    /root/.m2/repository/com/github/haifengl/smile-graph/1.4.0/smile-graph-1.4.0.jar
7fb45ac75000-7fb45ac7b000 r--s 00033000 08:05 16498                      /root/.m2/repository/com/google/code/gson/gson/2.6.2/gson-2.6.2.jar
7fb45ac7b000-7fb45ac7e000 r--s 00014000 08:05 2379036                    /root/.m2/repository/de/erichseifert/vectorgraphics2d/VectorGraphics2D/0.11/VectorGraphics2D-0.11.jar
7fb45ac7e000-7fb45ac83000 r--s 00036000 08:05 2379034                    /root/.m2/repository/org/knowm/xchart/xchart/3.5.0/xchart-3.5.0.jar
7fb45ac83000-7fb45ac8b000 rw-s 00000000 08:05 665504                     /tmp/hsperfdata_root/7912
7fb45ac8b000-7fb45ac8c000 rw-p 00000000 00:00 0 
7fb45ac8c000-7fb45ac8d000 r--p 00000000 00:00 0 
7fb45ac8d000-7fb45ac8f000 rw-p 00000000 00:00 0 
7fb45ac8f000-7fb45ac91000 r-xp 00000000 00:00 0                          [vdso]
7fb45ac91000-7fb45ac93000 r--p 00000000 00:00 0                          [vvar]
7fb45ac93000-7fb45ac94000 r--p 00020000 08:05 1573088                    /lib/x86_64-linux-gnu/ld-2.19.so
7fb45ac94000-7fb45ac95000 rw-p 00021000 08:05 1573088                    /lib/x86_64-linux-gnu/ld-2.19.so
7fb45ac95000-7fb45ac96000 rw-p 00000000 00:00 0 
7fffc15b0000-7fffc15d8000 rw-p 00000000 00:00 0                          [stack]
ffffffffff600000-ffffffffff601000 r-xp 00000000 00:00 0                  [vsyscall]

VM Arguments:
jvm_args: -agentlib:jdwp=transport=dt_socket,suspend=y,address=localhost:52401 -Dfile.encoding=UTF-8 
java_command: com.sirolf2009.yggdrasil.kvasir.SketchOrderbookHistoryPredict
java_class_path (initial): /home/floris/git/yggdrasil/kvasir/target/classes:/root/.m2/repository/org/knowm/xchart/xchart/3.5.0/xchart-3.5.0.jar:/root/.m2/repository/de/erichseifert/vectorgraphics2d/VectorGraphics2D/0.11/VectorGraphics2D-0.11.jar:/root/.m2/repository/tech/tablesaw/tablesaw-core/0.9.0/tablesaw-core-0.9.0.jar:/root/.m2/repository/com/google/code/gson/gson/2.6.2/gson-2.6.2.jar:/root/.m2/repository/org/apache/commons/commons-math3/3.6.1/commons-math3-3.6.1.jar:/root/.m2/repository/org/apache/commons/commons-lang3/3.6/commons-lang3-3.6.jar:/root/.m2/repository/com/github/haifengl/smile-core/1.4.0/smile-core-1.4.0.jar:/root/.m2/repository/com/github/haifengl/smile-data/1.4.0/smile-data-1.4.0.jar:/root/.m2/repository/com/github/haifengl/smile-math/1.4.0/smile-math-1.4.0.jar:/root/.m2/repository/com/github/haifengl/smile-graph/1.4.0/smile-graph-1.4.0.jar:/root/.m2/repository/com/opencsv/opencsv/4.0/opencsv-4.0.jar:/root/.m2/repository/org/apache/commons/commons-text/1.1/commons-text-1.1.jar:/root/.m2/repository/commons-beanutils/commons-beanutils/1.9.3/commons-beanutils-1.9.3.jar:/root/.m2/repository/commons-logging/commons-logging/1.2/commons-logging-1.2.jar:/root/.m2/repository/commons-collections/commons-collections/3.2.2/commons-collections-3.2.2.jar:/root/.m2/repository/it/unimi/dsi/fastutil/7.2.1/fastutil-7.2.1.jar:/root/.m2/repository/org/iq80/snappy/snappy/0.4/snappy-0.4.jar:/root/.m2/repository/org/jetbrains/kotlin/kotlin-stdlib-jre8/1.1.3-2/kotlin-stdlib-jre8-1.1.3-2.jar:/root/.m2/repository/org/jetbrains/kotlin/kotlin-stdlib/1.1.3-2/kotlin-stdlib-1.1.3-2.jar:/root/.m2/repository/org/jetbrains/annotations/13.0/annotations-13.0.jar:/root/.m2/repository/org/jetbrains/kotlin/kotlin-stdlib-jre7/1.1.3-2/kotlin-stdlib-jre7-1.1.3-2.jar:/root/.m2/repository/org/roaringbitmap/RoaringBitmap/0.6.47/RoaringBitmap-0.6.47.jar:/root/.m2/repository/tech/tablesaw/tablesaw-plot/0.9.0/tablesaw-plot-0.9.0.jar:/root/.m2/repository/com/github/haifengl/smile-plot/1.4.0
Launcher Type: SUN_STANDARD

Environment Variables:
PATH=/usr/local/sbin:/usr/local/bin:/usr/sbin:/usr/bin:/sbin:/bin
USERNAME=root
SHELL=/bin/bash
DISPLAY=:0

Signal Handlers:
SIGSEGV: [libjvm.so+0xacba10], sa_mask[0]=11111111011111111101111111111110, sa_flags=SA_RESTART|SA_SIGINFO
SIGBUS: [libjvm.so+0xacba10], sa_mask[0]=11111111011111111101111111111110, sa_flags=SA_RESTART|SA_SIGINFO
SIGFPE: [libjvm.so+0x924ba0], sa_mask[0]=11111111011111111101111111111110, sa_flags=SA_RESTART|SA_SIGINFO
SIGPIPE: [libjvm.so+0x924ba0], sa_mask[0]=11111111011111111101111111111110, sa_flags=SA_RESTART|SA_SIGINFO
SIGXFSZ: [libjvm.so+0x924ba0], sa_mask[0]=11111111011111111101111111111110, sa_flags=SA_RESTART|SA_SIGINFO
SIGILL: [libjvm.so+0x924ba0], sa_mask[0]=11111111011111111101111111111110, sa_flags=SA_RESTART|SA_SIGINFO
SIGUSR1: SIG_DFL, sa_mask[0]=00000000000000000000000000000000, sa_flags=none
SIGUSR2: [libjvm.so+0x9263e0], sa_mask[0]=00100000000000000000000000000000, sa_flags=SA_RESTART|SA_SIGINFO
SIGHUP: [libjvm.so+0x9277e0], sa_mask[0]=11111111011111111101111111111110, sa_flags=SA_RESTART|SA_SIGINFO
SIGINT: [libjvm.so+0x9277e0], sa_mask[0]=11111111011111111101111111111110, sa_flags=SA_RESTART|SA_SIGINFO
SIGTERM: [libjvm.so+0x9277e0], sa_mask[0]=11111111011111111101111111111110, sa_flags=SA_RESTART|SA_SIGINFO
SIGQUIT: [libjvm.so+0x9277e0], sa_mask[0]=11111111011111111101111111111110, sa_flags=SA_RESTART|SA_SIGINFO


---------------  S Y S T E M  ---------------

OS:PRETTY_NAME="Debian GNU/Linux buster/sid"
NAME="Debian GNU/Linux"
ID=debian
HOME_URL="https://www.debian.org/"
SUPPORT_URL="https://www.debian.org/support"
BUG_REPORT_URL="https://bugs.debian.org/"

uname:Linux 3.16.0-4-amd64 #1 SMP Debian 3.16.43-2+deb8u3 (2017-08-15) x86_64
libc:glibc 2.19 NPTL 2.19 
rlimit: STACK 8192k, CORE 0k, NPROC 128653, NOFILE 65536, AS infinity
load average:0.37 0.44 0.59

/proc/meminfo:
MemTotal:       32953440 kB
MemFree:        26237336 kB
MemAvailable:   27609404 kB
Buffers:          148932 kB
Cached:          1414804 kB
SwapCached:            0 kB
Active:          4481040 kB
Inactive:         827204 kB
Active(anon):    3746140 kB
Inactive(anon):    73892 kB
Active(file):     734900 kB
Inactive(file):   753312 kB
Unevictable:         144 kB
Mlocked:             144 kB
SwapTotal:       1867772 kB
SwapFree:        1867772 kB
Dirty:               280 kB
Writeback:             0 kB
AnonPages:       3745024 kB
Mapped:           882504 kB
Shmem:             75528 kB
Slab:             161660 kB
SReclaimable:     105600 kB
SUnreclaim:        56060 kB
KernelStack:       15008 kB
PageTables:        62148 kB
NFS_Unstable:          0 kB
Bounce:                0 kB
WritebackTmp:          0 kB
CommitLimit:    18344492 kB
Committed_AS:   11491544 kB
VmallocTotal:   34359738367 kB
VmallocUsed:      215636 kB
VmallocChunk:   34359514532 kB
HardwareCorrupted:     0 kB
AnonHugePages:         0 kB
HugePages_Total:       0
HugePages_Free:        0
HugePages_Rsvd:        0
HugePages_Surp:        0
Hugepagesize:       2048 kB
DirectMap4k:     1284016 kB
DirectMap2M:    11235328 kB
DirectMap1G:    20971520 kB


CPU:total 8 (initial active 8) (4 cores per cpu, 2 threads per core) family 6 model 60 stepping 3, cmov, cx8, fxsr, mmx, sse, sse2, sse3, ssse3, sse4.1, sse4.2, popcnt, avx, avx2, aes, clmul, erms, lzcnt, ht, tsc, tscinvbit, bmi1, bmi2

/proc/cpuinfo:
processor	: 0
vendor_id	: GenuineIntel
cpu family	: 6
model		: 60
model name	: Intel(R) Core(TM) i7-4770K CPU @ 3.50GHz
stepping	: 3
microcode	: 0x12
cpu MHz		: 3700.019
cache size	: 8192 KB
physical id	: 0
siblings	: 8
core id		: 0
cpu cores	: 4
apicid		: 0
initial apicid	: 0
fpu		: yes
fpu_exception	: yes
cpuid level	: 13
wp		: yes
flags		: fpu vme de pse tsc msr pae mce cx8 apic sep mtrr pge mca cmov pat pse36 clflush dts acpi mmx fxsr sse sse2 ss ht tm pbe syscall nx pdpe1gb rdtscp lm constant_tsc arch_perfmon pebs bts rep_good nopl xtopology nonstop_tsc aperfmperf eagerfpu pni pclmulqdq dtes64 monitor ds_cpl vmx est tm2 ssse3 fma cx16 xtpr pdcm pcid sse4_1 sse4_2 movbe popcnt tsc_deadline_timer aes xsave avx f16c rdrand lahf_lm abm ida arat epb xsaveopt pln pts dtherm tpr_shadow vnmi flexpriority ept vpid fsgsbase tsc_adjust bmi1 avx2 smep bmi2 erms invpcid
bogomips	: 6999.99
clflush size	: 64
cache_alignment	: 64
address sizes	: 39 bits physical, 48 bits virtual
power management:

processor	: 1
vendor_id	: GenuineIntel
cpu family	: 6
model		: 60
model name	: Intel(R) Core(TM) i7-4770K CPU @ 3.50GHz
stepping	: 3
microcode	: 0x12
cpu MHz		: 3700.429
cache size	: 8192 KB
physical id	: 0
siblings	: 8
core id		: 1
cpu cores	: 4
apicid		: 2
initial apicid	: 2
fpu		: yes
fpu_exception	: yes
cpuid level	: 13
wp		: yes
flags		: fpu vme de pse tsc msr pae mce cx8 apic sep mtrr pge mca cmov pat pse36 clflush dts acpi mmx fxsr sse sse2 ss ht tm pbe syscall nx pdpe1gb rdtscp lm constant_tsc arch_perfmon pebs bts rep_good nopl xtopology nonstop_tsc aperfmperf eagerfpu pni pclmulqdq dtes64 monitor ds_cpl vmx est tm2 ssse3 fma cx16 xtpr pdcm pcid sse4_1 sse4_2 movbe popcnt tsc_deadline_timer aes xsave avx f16c rdrand lahf_lm abm ida arat epb xsaveopt pln pts dtherm tpr_shadow vnmi flexpriority ept vpid fsgsbase tsc_adjust bmi1 avx2 smep bmi2 erms invpcid
bogomips	: 6999.99
clflush size	: 64
cache_alignment	: 64
address sizes	: 39 bits physical, 48 bits virtual
power management:

processor	: 2
vendor_id	: GenuineIntel
cpu family	: 6
model		: 60
model name	: Intel(R) Core(TM) i7-4770K CPU @ 3.50GHz
stepping	: 3
microcode	: 0x12
cpu MHz		: 3700.019
cache size	: 8192 KB
physical id	: 0
siblings	: 8
core id		: 2
cpu cores	: 4
apicid		: 4
initial apicid	: 4
fpu		: yes
fpu_exception	: yes
cpuid level	: 13
wp		: yes
flags		: fpu vme de pse tsc msr pae mce cx8 apic sep mtrr pge mca cmov pat pse36 clflush dts acpi mmx fxsr sse sse2 ss ht tm pbe syscall nx pdpe1gb rdtscp lm constant_tsc arch_perfmon pebs bts rep_good nopl xtopology nonstop_tsc aperfmperf eagerfpu pni pclmulqdq dtes64 monitor ds_cpl vmx est tm2 ssse3 fma cx16 xtpr pdcm pcid sse4_1 sse4_2 movbe popcnt tsc_deadline_timer aes xsave avx f16c rdrand lahf_lm abm ida arat epb xsaveopt pln pts dtherm tpr_shadow vnmi flexpriority ept vpid fsgsbase tsc_adjust bmi1 avx2 smep bmi2 erms invpcid
bogomips	: 6999.99
clflush size	: 64
cache_alignment	: 64
address sizes	: 39 bits physical, 48 bits virtual
power management:

processor	: 3
vendor_id	: GenuineIntel
cpu family	: 6
model		: 60
model name	: Intel(R) Core(TM) i7-4770K CPU @ 3.50GHz
stepping	: 3
microcode	: 0x12
cpu MHz		: 3700.019
cache size	: 8192 KB
physical id	: 0
siblings	: 8
core id		: 3
cpu cores	: 4
apicid		: 6
initial apicid	: 6
fpu		: yes
fpu_exception	: yes
cpuid level	: 13
wp		: yes
flags		: fpu vme de pse tsc msr pae mce cx8 apic sep mtrr pge mca cmov pat pse36 clflush dts acpi mmx fxsr sse sse2 ss ht tm pbe syscall nx pdpe1gb rdtscp lm constant_tsc arch_perfmon pebs bts rep_good nopl xtopology nonstop_tsc aperfmperf eagerfpu pni pclmulqdq dtes64 monitor ds_cpl vmx est tm2 ssse3 fma cx16 xtpr pdcm pcid sse4_1 sse4_2 movbe popcnt tsc_deadline_timer aes xsave avx f16c rdrand lahf_lm abm ida arat epb xsaveopt pln pts dtherm tpr_shadow vnmi flexpriority ept vpid fsgsbase tsc_adjust bmi1 avx2 smep bmi2 erms invpcid
bogomips	: 6999.99
clflush size	: 64
cache_alignment	: 64
address sizes	: 39 bits physical, 48 bits virtual
power management:

processor	: 4
vendor_id	: GenuineIntel
cpu family	: 6
model		: 60
model name	: Intel(R) Core(TM) i7-4770K CPU @ 3.50GHz
stepping	: 3
microcode	: 0x12
cpu MHz		: 3700.019
cache size	: 8192 KB
physical id	: 0
siblings	: 8
core id		: 0
cpu cores	: 4
apicid		: 1
initial apicid	: 1
fpu		: yes
fpu_exception	: yes
cpuid level	: 13
wp		: yes
flags		: fpu vme de pse tsc msr pae mce cx8 apic sep mtrr pge mca cmov pat pse36 clflush dts acpi mmx fxsr sse sse2 ss ht tm pbe syscall nx pdpe1gb rdtscp lm constant_tsc arch_perfmon pebs bts rep_good nopl xtopology nonstop_tsc aperfmperf eagerfpu pni pclmulqdq dtes64 monitor ds_cpl vmx est tm2 ssse3 fma cx16 xtpr pdcm pcid sse4_1 sse4_2 movbe popcnt tsc_deadline_timer aes xsave avx f16c rdrand lahf_lm abm ida arat epb xsaveopt pln pts dtherm tpr_shadow vnmi flexpriority ept vpid fsgsbase tsc_adjust bmi1 avx2 smep bmi2 erms invpcid
bogomips	: 6999.99
clflush size	: 64
cache_alignment	: 64
address sizes	: 39 bits physical, 48 bits virtual
power management:

processor	: 5
vendor_id	: GenuineIntel
cpu family	: 6
model		: 60
model name	: Intel(R) Core(TM) i7-4770K CPU @ 3.50GHz
stepping	: 3
microcode	: 0x12
cpu MHz		: 3700.019
cache size	: 8192 KB
physical id	: 0
siblings	: 8
core id		: 1
cpu cores	: 4
apicid		: 3
initial apicid	: 3
fpu		: yes
fpu_exception	: yes
cpuid level	: 13
wp		: yes
flags		: fpu vme de pse tsc msr pae mce cx8 apic sep mtrr pge mca cmov pat pse36 clflush dts acpi mmx fxsr sse sse2 ss ht tm pbe syscall nx pdpe1gb rdtscp lm constant_tsc arch_perfmon pebs bts rep_good nopl xtopology nonstop_tsc aperfmperf eagerfpu pni pclmulqdq dtes64 monitor ds_cpl vmx est tm2 ssse3 fma cx16 xtpr pdcm pcid sse4_1 sse4_2 movbe popcnt tsc_deadline_timer aes xsave avx f16c rdrand lahf_lm abm ida arat epb xsaveopt pln pts dtherm tpr_shadow vnmi flexpriority ept vpid fsgsbase tsc_adjust bmi1 avx2 smep bmi2 erms invpcid
bogomips	: 6999.99
clflush size	: 64
cache_alignment	: 64
address sizes	: 39 bits physical, 48 bits virtual
power management:

processor	: 6
vendor_id	: GenuineIntel
cpu family	: 6
model		: 60
model name	: Intel(R) Core(TM) i7-4770K CPU @ 3.50GHz
stepping	: 3
microcode	: 0x12
cpu MHz		: 3722.304
cache size	: 8192 KB
physical id	: 0
siblings	: 8
core id		: 2
cpu cores	: 4
apicid		: 5
initial apicid	: 5
fpu		: yes
fpu_exception	: yes
cpuid level	: 13
wp		: yes
flags		: fpu vme de pse tsc msr pae mce cx8 apic sep mtrr pge mca cmov pat pse36 clflush dts acpi mmx fxsr sse sse2 ss ht tm pbe syscall nx pdpe1gb rdtscp lm constant_tsc arch_perfmon pebs bts rep_good nopl xtopology nonstop_tsc aperfmperf eagerfpu pni pclmulqdq dtes64 monitor ds_cpl vmx est tm2 ssse3 fma cx16 xtpr pdcm pcid sse4_1 sse4_2 movbe popcnt tsc_deadline_timer aes xsave avx f16c rdrand lahf_lm abm ida arat epb xsaveopt pln pts dtherm tpr_shadow vnmi flexpriority ept vpid fsgsbase tsc_adjust bmi1 avx2 smep bmi2 erms invpcid
bogomips	: 6999.99
clflush size	: 64
cache_alignment	: 64
address sizes	: 39 bits physical, 48 bits virtual
power management:

processor	: 7
vendor_id	: GenuineIntel
cpu family	: 6
model		: 60
model name	: Intel(R) Core(TM) i7-4770K CPU @ 3.50GHz
stepping	: 3
microcode	: 0x12
cpu MHz		: 3700.019
cache size	: 8192 KB
physical id	: 0
siblings	: 8
core id		: 3
cpu cores	: 4
apicid		: 7
initial apicid	: 7
fpu		: yes
fpu_exception	: yes
cpuid level	: 13
wp		: yes
flags		: fpu vme de pse tsc msr pae mce cx8 apic sep mtrr pge mca cmov pat pse36 clflush dts acpi mmx fxsr sse sse2 ss ht tm pbe syscall nx pdpe1gb rdtscp lm constant_tsc arch_perfmon pebs bts rep_good nopl xtopology nonstop_tsc aperfmperf eagerfpu pni pclmulqdq dtes64 monitor ds_cpl vmx est tm2 ssse3 fma cx16 xtpr pdcm pcid sse4_1 sse4_2 movbe popcnt tsc_deadline_timer aes xsave avx f16c rdrand lahf_lm abm ida arat epb xsaveopt pln pts dtherm tpr_shadow vnmi flexpriority ept vpid fsgsbase tsc_adjust bmi1 avx2 smep bmi2 erms invpcid
bogomips	: 6999.99
clflush size	: 64
cache_alignment	: 64
address sizes	: 39 bits physical, 48 bits virtual
power management:



Memory: 4k page, physical 32953440k(26237336k free), swap 1867772k(1867772k free)

vm_info: Java HotSpot(TM) 64-Bit Server VM (25.144-b01) for linux-amd64 JRE (1.8.0_144-b01), built on Jul 21 2017 21:57:33 by "java_re" with gcc 4.3.0 20080428 (Red Hat 4.3.0-8)

time: Mon Aug 28 17:27:54 2017
elapsed time: 0 seconds (0d 0h 0m 0s)

